2025-04-18 23:04:25,976 - Failed entry: {'Name': 'User6', 'Email': 'user6@test.com', 'Address': 'Test Address 6', 'Phone number': 9876500006, 'Comments': 'Test comment 6'} | Error: HTTPConnectionPool(host='localhost', port=14931): Max retries exceeded with url: /session/a598285775ff43406166eecddd209b72/element (Caused by NewConnectionError('<urllib3.connection.HTTPConnection object at 0x000001EAD6F12900>: Failed to establish a new connection: [WinError 10061] No connection could be made because the target machine actively refused it'))
2025-04-18 23:04:25,976 - Failed entry: {'Name': 'User8', 'Email': 'user8@test.com', 'Address': 'Test Address 8', 'Phone number': 9876500008, 'Comments': 'Test comment 8'} | Error: HTTPConnectionPool(host='localhost', port=14933): Max retries exceeded with url: /session/c63d7d785589776deb0cc9a75fd23dbe/element (Caused by NewConnectionError('<urllib3.connection.HTTPConnection object at 0x000001EAD6F125A0>: Failed to establish a new connection: [WinError 10061] No connection could be made because the target machine actively refused it'))
2025-04-18 23:04:26,001 - Failed entry: {'Name': 'User4', 'Email': 'user4@test.com', 'Address': 'Test Address 4', 'Phone number': 9876500004, 'Comments': 'Test comment 4'} | Error: HTTPConnectionPool(host='localhost', port=14928): Max retries exceeded with url: /session/3ac20f733208a5e825c82dd775ac1e6c/element (Caused by NewConnectionError('<urllib3.connection.HTTPConnection object at 0x000001EAD6F12750>: Failed to establish a new connection: [WinError 10061] No connection could be made because the target machine actively refused it'))
2025-04-18 23:04:26,021 - Failed entry: {'Name': 'User10', 'Email': 'user10@test.com', 'Address': 'Test Address 10', 'Phone number': 9876500010, 'Comments': 'Test comment 10'} | Error: HTTPConnectionPool(host='localhost', port=14934): Max retries exceeded with url: /session/32c0a1a3ffe66babc322cefd68218e36/element (Caused by NewConnectionError('<urllib3.connection.HTTPConnection object at 0x000001EAD6F12AB0>: Failed to establish a new connection: [WinError 10061] No connection could be made because the target machine actively refused it'))
2025-04-18 23:04:26,041 - Failed entry: {'Name': 'User1', 'Email': 'user1@test.com', 'Address': 'Test Address 1', 'Phone number': 9876500001, 'Comments': 'Test comment 1'} | Error: HTTPConnectionPool(host='localhost', port=14926): Max retries exceeded with url: /session/d5bba964e60a65c0b3aea975806aec9a/element (Caused by NewConnectionError('<urllib3.connection.HTTPConnection object at 0x000001EAD6F12C60>: Failed to establish a new connection: [WinError 10061] No connection could be made because the target machine actively refused it'))
2025-04-18 23:04:29,362 - Failed entry: {'Name': 'User5', 'Email': 'user5@test.com', 'Address': 'Test Address 5', 'Phone number': 9876500005, 'Comments': 'Test comment 5'} | Error: HTTPConnectionPool(host='localhost', port=14930): Max retries exceeded with url: /session/c1ea1677398a9690a5c854e6b5bc34a8/element (Caused by NewConnectionError('<urllib3.connection.HTTPConnection object at 0x000001EAD6F134D0>: Failed to establish a new connection: [WinError 10061] No connection could be made because the target machine actively refused it'))
2025-04-18 23:04:30,201 - Failed entry: {'Name': 'User3', 'Email': 'user3@test.com', 'Address': 'Test Address 3', 'Phone number': 9876500003, 'Comments': 'Test comment 3'} | Error: HTTPConnectionPool(host='localhost', port=14929): Max retries exceeded with url: /session/932f180e59f5d2a3c0faa21882fdd3ce/element (Caused by NewConnectionError('<urllib3.connection.HTTPConnection object at 0x000001EAD77F00B0>: Failed to establish a new connection: [WinError 10061] No connection could be made because the target machine actively refused it'))
2025-04-18 23:04:30,422 - Failed entry: {'Name': 'User2', 'Email': 'user2@test.com', 'Address': 'Test Address 2', 'Phone number': 9876500002, 'Comments': 'Test comment 2'} | Error: HTTPConnectionPool(host='localhost', port=14927): Max retries exceeded with url: /session/346c07711f3f426999968b09f9e1234d/element (Caused by NewConnectionError('<urllib3.connection.HTTPConnection object at 0x000001EAD6F12D50>: Failed to establish a new connection: [WinError 10061] No connection could be made because the target machine actively refused it'))
2025-04-18 23:04:31,410 - Failed entry: {'Name': 'User9', 'Email': 'user9@test.com', 'Address': 'Test Address 9', 'Phone number': 9876500009, 'Comments': 'Test comment 9'} | Error: HTTPConnectionPool(host='localhost', port=14935): Max retries exceeded with url: /session/936a2a6e081a0095c055733be149e0e5/element (Caused by NewConnectionError('<urllib3.connection.HTTPConnection object at 0x000001EAD6F12AB0>: Failed to establish a new connection: [WinError 10061] No connection could be made because the target machine actively refused it'))
2025-04-18 23:04:31,610 - Failed entry: {'Name': 'User7', 'Email': 'user7@test.com', 'Address': 'Test Address 7', 'Phone number': 9876500007, 'Comments': 'Test comment 7'} | Error: HTTPConnectionPool(host='localhost', port=14932): Max retries exceeded with url: /session/5681902b273cdbbec023df3099ffaead/element (Caused by NewConnectionError('<urllib3.connection.HTTPConnection object at 0x000001EAD6F12600>: Failed to establish a new connection: [WinError 10061] No connection could be made because the target machine actively refused it'))
2025-04-18 23:08:09,992 - Failed entry: {'Name': 'User12', 'Email': 'user12@test.com', 'Address': 'Test Address 12', 'Phone number': 9876500012, 'Comments': 'Test comment 12'} | Error: Message: invalid session id: session deleted as the browser has closed the connection
from disconnected: not connected to DevTools
  (Session info: chrome=135.0.7049.96)
Stacktrace:
	GetHandleVerifier [0x00007FF741255355+78597]
	GetHandleVerifier [0x00007FF7412553B0+78688]
	(No symbol) [0x00007FF7410091AA]
	(No symbol) [0x00007FF740FF4EF5]
	(No symbol) [0x00007FF741019F04]
	(No symbol) [0x00007FF74108ED0F]
	(No symbol) [0x00007FF7410AEBB2]
	(No symbol) [0x00007FF741086EC3]
	(No symbol) [0x00007FF7410503F8]
	(No symbol) [0x00007FF741051163]
	GetHandleVerifier [0x00007FF7414FEF0D+2870973]
	GetHandleVerifier [0x00007FF7414F96B8+2848360]
	GetHandleVerifier [0x00007FF741516993+2967875]
	GetHandleVerifier [0x00007FF74127019A+188746]
	GetHandleVerifier [0x00007FF74127847F+222255]
	GetHandleVerifier [0x00007FF74125D2D4+111236]
	GetHandleVerifier [0x00007FF74125D482+111666]
	GetHandleVerifier [0x00007FF7412435A9+5465]
	BaseThreadInitThunk [0x00007FFF64B47374+20]
	RtlUserThreadStart [0x00007FFF6651CC91+33]

2025-04-18 23:08:09,992 - Failed entry: {'Name': 'User13', 'Email': 'user13@test.com', 'Address': 'Test Address 13', 'Phone number': 9876500013, 'Comments': 'Test comment 13'} | Error: Message: invalid session id: session deleted as the browser has closed the connection
from disconnected: not connected to DevTools
  (Session info: chrome=135.0.7049.96)
Stacktrace:
	GetHandleVerifier [0x00007FF741255355+78597]
	GetHandleVerifier [0x00007FF7412553B0+78688]
	(No symbol) [0x00007FF7410091AA]
	(No symbol) [0x00007FF740FF4EF5]
	(No symbol) [0x00007FF741019F04]
	(No symbol) [0x00007FF74108ED0F]
	(No symbol) [0x00007FF7410AEBB2]
	(No symbol) [0x00007FF741086EC3]
	(No symbol) [0x00007FF7410503F8]
	(No symbol) [0x00007FF741051163]
	GetHandleVerifier [0x00007FF7414FEF0D+2870973]
	GetHandleVerifier [0x00007FF7414F96B8+2848360]
	GetHandleVerifier [0x00007FF741516993+2967875]
	GetHandleVerifier [0x00007FF74127019A+188746]
	GetHandleVerifier [0x00007FF74127847F+222255]
	GetHandleVerifier [0x00007FF74125D2D4+111236]
	GetHandleVerifier [0x00007FF74125D482+111666]
	GetHandleVerifier [0x00007FF7412435A9+5465]
	BaseThreadInitThunk [0x00007FFF64B47374+20]
	RtlUserThreadStart [0x00007FFF6651CC91+33]

2025-04-18 23:08:10,208 - Failed entry: {'Name': 'User11', 'Email': 'user11@test.com', 'Address': 'Test Address 11', 'Phone number': 9876500011, 'Comments': 'Test comment 11'} | Error: Message: invalid session id: session deleted as the browser has closed the connection
from disconnected: not connected to DevTools
  (Session info: chrome=135.0.7049.96)
Stacktrace:
	GetHandleVerifier [0x00007FF741255355+78597]
	GetHandleVerifier [0x00007FF7412553B0+78688]
	(No symbol) [0x00007FF7410091AA]
	(No symbol) [0x00007FF740FF4EF5]
	(No symbol) [0x00007FF741019F04]
	(No symbol) [0x00007FF74108ED0F]
	(No symbol) [0x00007FF7410AEBB2]
	(No symbol) [0x00007FF741086EC3]
	(No symbol) [0x00007FF7410503F8]
	(No symbol) [0x00007FF741051163]
	GetHandleVerifier [0x00007FF7414FEF0D+2870973]
	GetHandleVerifier [0x00007FF7414F96B8+2848360]
	GetHandleVerifier [0x00007FF741516993+2967875]
	GetHandleVerifier [0x00007FF74127019A+188746]
	GetHandleVerifier [0x00007FF74127847F+222255]
	GetHandleVerifier [0x00007FF74125D2D4+111236]
	GetHandleVerifier [0x00007FF74125D482+111666]
	GetHandleVerifier [0x00007FF7412435A9+5465]
	BaseThreadInitThunk [0x00007FFF64B47374+20]
	RtlUserThreadStart [0x00007FFF6651CC91+33]

2025-04-18 23:08:10,259 - Failed entry: {'Name': 'User15', 'Email': 'user15@test.com', 'Address': 'Test Address 15', 'Phone number': 9876500015, 'Comments': 'Test comment 15'} | Error: Message: invalid session id: session deleted as the browser has closed the connection
from disconnected: not connected to DevTools
  (Session info: chrome=135.0.7049.96)
Stacktrace:
	GetHandleVerifier [0x00007FF741255355+78597]
	GetHandleVerifier [0x00007FF7412553B0+78688]
	(No symbol) [0x00007FF7410091AA]
	(No symbol) [0x00007FF740FF4EF5]
	(No symbol) [0x00007FF741019F04]
	(No symbol) [0x00007FF74108ED0F]
	(No symbol) [0x00007FF7410AEBB2]
	(No symbol) [0x00007FF741086EC3]
	(No symbol) [0x00007FF7410503F8]
	(No symbol) [0x00007FF741051163]
	GetHandleVerifier [0x00007FF7414FEF0D+2870973]
	GetHandleVerifier [0x00007FF7414F96B8+2848360]
	GetHandleVerifier [0x00007FF741516993+2967875]
	GetHandleVerifier [0x00007FF74127019A+188746]
	GetHandleVerifier [0x00007FF74127847F+222255]
	GetHandleVerifier [0x00007FF74125D2D4+111236]
	GetHandleVerifier [0x00007FF74125D482+111666]
	GetHandleVerifier [0x00007FF7412435A9+5465]
	BaseThreadInitThunk [0x00007FFF64B47374+20]
	RtlUserThreadStart [0x00007FFF6651CC91+33]

2025-04-18 23:08:11,287 - Failed entry: {'Name': 'User14', 'Email': 'user14@test.com', 'Address': 'Test Address 14', 'Phone number': 9876500014, 'Comments': 'Test comment 14'} | Error: Message: invalid session id: session deleted as the browser has closed the connection
from disconnected: not connected to DevTools
  (Session info: chrome=135.0.7049.96)
Stacktrace:
	GetHandleVerifier [0x00007FF741255355+78597]
	GetHandleVerifier [0x00007FF7412553B0+78688]
	(No symbol) [0x00007FF7410091AA]
	(No symbol) [0x00007FF740FF4EF5]
	(No symbol) [0x00007FF741019F04]
	(No symbol) [0x00007FF74108ED0F]
	(No symbol) [0x00007FF7410AEBB2]
	(No symbol) [0x00007FF741086EC3]
	(No symbol) [0x00007FF7410503F8]
	(No symbol) [0x00007FF741051163]
	GetHandleVerifier [0x00007FF7414FEF0D+2870973]
	GetHandleVerifier [0x00007FF7414F96B8+2848360]
	GetHandleVerifier [0x00007FF741516993+2967875]
	GetHandleVerifier [0x00007FF74127019A+188746]
	GetHandleVerifier [0x00007FF74127847F+222255]
	GetHandleVerifier [0x00007FF74125D2D4+111236]
	GetHandleVerifier [0x00007FF74125D482+111666]
	GetHandleVerifier [0x00007FF7412435A9+5465]
	BaseThreadInitThunk [0x00007FFF64B47374+20]
	RtlUserThreadStart [0x00007FFF6651CC91+33]

2025-04-18 23:08:12,865 - Failed entry: {'Name': 'User16', 'Email': 'user16@test.com', 'Address': 'Test Address 16', 'Phone number': 9876500016, 'Comments': 'Test comment 16'} | Error: Message: invalid session id: session deleted as the browser has closed the connection
from disconnected: not connected to DevTools
  (Session info: chrome=135.0.7049.96)
Stacktrace:
	GetHandleVerifier [0x00007FF741255355+78597]
	GetHandleVerifier [0x00007FF7412553B0+78688]
	(No symbol) [0x00007FF7410091AA]
	(No symbol) [0x00007FF740FF4EF5]
	(No symbol) [0x00007FF741019F04]
	(No symbol) [0x00007FF74108ED0F]
	(No symbol) [0x00007FF7410AEBB2]
	(No symbol) [0x00007FF741086EC3]
	(No symbol) [0x00007FF7410503F8]
	(No symbol) [0x00007FF741051163]
	GetHandleVerifier [0x00007FF7414FEF0D+2870973]
	GetHandleVerifier [0x00007FF7414F96B8+2848360]
	GetHandleVerifier [0x00007FF741516993+2967875]
	GetHandleVerifier [0x00007FF74127019A+188746]
	GetHandleVerifier [0x00007FF74127847F+222255]
	GetHandleVerifier [0x00007FF74125D2D4+111236]
	GetHandleVerifier [0x00007FF74125D482+111666]
	GetHandleVerifier [0x00007FF7412435A9+5465]
	BaseThreadInitThunk [0x00007FFF64B47374+20]
	RtlUserThreadStart [0x00007FFF6651CC91+33]

2025-04-18 23:08:15,922 - Failed entry: {'Name': 'User17', 'Email': 'user17@test.com', 'Address': 'Test Address 17', 'Phone number': 9876500017, 'Comments': 'Test comment 17'} | Error: Message: invalid session id: session deleted as the browser has closed the connection
from disconnected: not connected to DevTools
  (Session info: chrome=135.0.7049.96)
Stacktrace:
	GetHandleVerifier [0x00007FF741255355+78597]
	GetHandleVerifier [0x00007FF7412553B0+78688]
	(No symbol) [0x00007FF7410091AA]
	(No symbol) [0x00007FF740FF4EF5]
	(No symbol) [0x00007FF741019F04]
	(No symbol) [0x00007FF74108ED0F]
	(No symbol) [0x00007FF7410AEBB2]
	(No symbol) [0x00007FF741086EC3]
	(No symbol) [0x00007FF7410503F8]
	(No symbol) [0x00007FF741051163]
	GetHandleVerifier [0x00007FF7414FEF0D+2870973]
	GetHandleVerifier [0x00007FF7414F96B8+2848360]
	GetHandleVerifier [0x00007FF741516993+2967875]
	GetHandleVerifier [0x00007FF74127019A+188746]
	GetHandleVerifier [0x00007FF74127847F+222255]
	GetHandleVerifier [0x00007FF74125D2D4+111236]
	GetHandleVerifier [0x00007FF74125D482+111666]
	GetHandleVerifier [0x00007FF7412435A9+5465]
	BaseThreadInitThunk [0x00007FFF64B47374+20]
	RtlUserThreadStart [0x00007FFF6651CC91+33]

2025-04-18 23:08:16,577 - Failed entry: {'Name': 'User18', 'Email': 'user18@test.com', 'Address': 'Test Address 18', 'Phone number': 9876500018, 'Comments': 'Test comment 18'} | Error: Message: invalid session id: session deleted as the browser has closed the connection
from disconnected: not connected to DevTools
  (Session info: chrome=135.0.7049.96)
Stacktrace:
	GetHandleVerifier [0x00007FF741255355+78597]
	GetHandleVerifier [0x00007FF7412553B0+78688]
	(No symbol) [0x00007FF7410091AA]
	(No symbol) [0x00007FF740FF4EF5]
	(No symbol) [0x00007FF741019F04]
	(No symbol) [0x00007FF74108ED0F]
	(No symbol) [0x00007FF7410AEBB2]
	(No symbol) [0x00007FF741086EC3]
	(No symbol) [0x00007FF7410503F8]
	(No symbol) [0x00007FF741051163]
	GetHandleVerifier [0x00007FF7414FEF0D+2870973]
	GetHandleVerifier [0x00007FF7414F96B8+2848360]
	GetHandleVerifier [0x00007FF741516993+2967875]
	GetHandleVerifier [0x00007FF74127019A+188746]
	GetHandleVerifier [0x00007FF74127847F+222255]
	GetHandleVerifier [0x00007FF74125D2D4+111236]
	GetHandleVerifier [0x00007FF74125D482+111666]
	GetHandleVerifier [0x00007FF7412435A9+5465]
	BaseThreadInitThunk [0x00007FFF64B47374+20]
	RtlUserThreadStart [0x00007FFF6651CC91+33]

2025-04-18 23:08:16,615 - Failed entry: {'Name': 'User19', 'Email': 'user19@test.com', 'Address': 'Test Address 19', 'Phone number': 9876500019, 'Comments': 'Test comment 19'} | Error: Message: invalid session id: session deleted as the browser has closed the connection
from disconnected: not connected to DevTools
  (Session info: chrome=135.0.7049.96)
Stacktrace:
	GetHandleVerifier [0x00007FF741255355+78597]
	GetHandleVerifier [0x00007FF7412553B0+78688]
	(No symbol) [0x00007FF7410091AA]
	(No symbol) [0x00007FF740FF4EF5]
	(No symbol) [0x00007FF741019F04]
	(No symbol) [0x00007FF74108ED0F]
	(No symbol) [0x00007FF7410AEBB2]
	(No symbol) [0x00007FF741086EC3]
	(No symbol) [0x00007FF7410503F8]
	(No symbol) [0x00007FF741051163]
	GetHandleVerifier [0x00007FF7414FEF0D+2870973]
	GetHandleVerifier [0x00007FF7414F96B8+2848360]
	GetHandleVerifier [0x00007FF741516993+2967875]
	GetHandleVerifier [0x00007FF74127019A+188746]
	GetHandleVerifier [0x00007FF74127847F+222255]
	GetHandleVerifier [0x00007FF74125D2D4+111236]
	GetHandleVerifier [0x00007FF74125D482+111666]
	GetHandleVerifier [0x00007FF7412435A9+5465]
	BaseThreadInitThunk [0x00007FFF64B47374+20]
	RtlUserThreadStart [0x00007FFF6651CC91+33]

2025-04-18 23:08:17,954 - Failed entry: {'Name': 'User20', 'Email': 'user20@test.com', 'Address': 'Test Address 20', 'Phone number': 9876500020, 'Comments': 'Test comment 20'} | Error: Message: invalid session id: session deleted as the browser has closed the connection
from disconnected: not connected to DevTools
  (Session info: chrome=135.0.7049.96)
Stacktrace:
	GetHandleVerifier [0x00007FF741255355+78597]
	GetHandleVerifier [0x00007FF7412553B0+78688]
	(No symbol) [0x00007FF7410091AA]
	(No symbol) [0x00007FF740FF4EF5]
	(No symbol) [0x00007FF741019F04]
	(No symbol) [0x00007FF74108ED0F]
	(No symbol) [0x00007FF7410AEBB2]
	(No symbol) [0x00007FF741086EC3]
	(No symbol) [0x00007FF7410503F8]
	(No symbol) [0x00007FF741051163]
	GetHandleVerifier [0x00007FF7414FEF0D+2870973]
	GetHandleVerifier [0x00007FF7414F96B8+2848360]
	GetHandleVerifier [0x00007FF741516993+2967875]
	GetHandleVerifier [0x00007FF74127019A+188746]
	GetHandleVerifier [0x00007FF74127847F+222255]
	GetHandleVerifier [0x00007FF74125D2D4+111236]
	GetHandleVerifier [0x00007FF74125D482+111666]
	GetHandleVerifier [0x00007FF7412435A9+5465]
	BaseThreadInitThunk [0x00007FFF64B47374+20]
	RtlUserThreadStart [0x00007FFF6651CC91+33]

2025-04-18 23:11:35,112 - Failed entry: {'Name': 'User23', 'Email': 'user23@test.com', 'Address': 'Test Address 23', 'Phone number': 9876500023, 'Comments': 'Test comment 23'} | Error: Message: invalid session id: session deleted as the browser has closed the connection
from disconnected: not connected to DevTools
  (Session info: chrome=135.0.7049.96)
Stacktrace:
	GetHandleVerifier [0x00007FF741255355+78597]
	GetHandleVerifier [0x00007FF7412553B0+78688]
	(No symbol) [0x00007FF7410091AA]
	(No symbol) [0x00007FF740FF4EF5]
	(No symbol) [0x00007FF741019F04]
	(No symbol) [0x00007FF74108ED0F]
	(No symbol) [0x00007FF7410AEBB2]
	(No symbol) [0x00007FF741086EC3]
	(No symbol) [0x00007FF7410503F8]
	(No symbol) [0x00007FF741051163]
	GetHandleVerifier [0x00007FF7414FEF0D+2870973]
	GetHandleVerifier [0x00007FF7414F96B8+2848360]
	GetHandleVerifier [0x00007FF741516993+2967875]
	GetHandleVerifier [0x00007FF74127019A+188746]
	GetHandleVerifier [0x00007FF74127847F+222255]
	GetHandleVerifier [0x00007FF74125D2D4+111236]
	GetHandleVerifier [0x00007FF74125D482+111666]
	GetHandleVerifier [0x00007FF7412435A9+5465]
	BaseThreadInitThunk [0x00007FFF64B47374+20]
	RtlUserThreadStart [0x00007FFF6651CC91+33]

2025-04-18 23:11:35,626 - Failed entry: {'Name': 'User21', 'Email': 'user21@test.com', 'Address': 'Test Address 21', 'Phone number': 9876500021, 'Comments': 'Test comment 21'} | Error: Message: invalid session id: session deleted as the browser has closed the connection
from disconnected: not connected to DevTools
  (Session info: chrome=135.0.7049.96)
Stacktrace:
	GetHandleVerifier [0x00007FF741255355+78597]
	GetHandleVerifier [0x00007FF7412553B0+78688]
	(No symbol) [0x00007FF7410091AA]
	(No symbol) [0x00007FF740FF4EF5]
	(No symbol) [0x00007FF741019F04]
	(No symbol) [0x00007FF74108ED0F]
	(No symbol) [0x00007FF7410AEBB2]
	(No symbol) [0x00007FF741086EC3]
	(No symbol) [0x00007FF7410503F8]
	(No symbol) [0x00007FF741051163]
	GetHandleVerifier [0x00007FF7414FEF0D+2870973]
	GetHandleVerifier [0x00007FF7414F96B8+2848360]
	GetHandleVerifier [0x00007FF741516993+2967875]
	GetHandleVerifier [0x00007FF74127019A+188746]
	GetHandleVerifier [0x00007FF74127847F+222255]
	GetHandleVerifier [0x00007FF74125D2D4+111236]
	GetHandleVerifier [0x00007FF74125D482+111666]
	GetHandleVerifier [0x00007FF7412435A9+5465]
	BaseThreadInitThunk [0x00007FFF64B47374+20]
	RtlUserThreadStart [0x00007FFF6651CC91+33]

2025-04-18 23:11:37,181 - Failed entry: {'Name': 'User22', 'Email': 'user22@test.com', 'Address': 'Test Address 22', 'Phone number': 9876500022, 'Comments': 'Test comment 22'} | Error: Message: invalid session id: session deleted as the browser has closed the connection
from disconnected: not connected to DevTools
  (Session info: chrome=135.0.7049.96)
Stacktrace:
	GetHandleVerifier [0x00007FF741255355+78597]
	GetHandleVerifier [0x00007FF7412553B0+78688]
	(No symbol) [0x00007FF7410091AA]
	(No symbol) [0x00007FF740FF4EF5]
	(No symbol) [0x00007FF741019F04]
	(No symbol) [0x00007FF74108ED0F]
	(No symbol) [0x00007FF7410AEBB2]
	(No symbol) [0x00007FF741086EC3]
	(No symbol) [0x00007FF7410503F8]
	(No symbol) [0x00007FF741051163]
	GetHandleVerifier [0x00007FF7414FEF0D+2870973]
	GetHandleVerifier [0x00007FF7414F96B8+2848360]
	GetHandleVerifier [0x00007FF741516993+2967875]
	GetHandleVerifier [0x00007FF74127019A+188746]
	GetHandleVerifier [0x00007FF74127847F+222255]
	GetHandleVerifier [0x00007FF74125D2D4+111236]
	GetHandleVerifier [0x00007FF74125D482+111666]
	GetHandleVerifier [0x00007FF7412435A9+5465]
	BaseThreadInitThunk [0x00007FFF64B47374+20]
	RtlUserThreadStart [0x00007FFF6651CC91+33]

2025-04-18 23:11:37,538 - Failed entry: {'Name': 'User24', 'Email': 'user24@test.com', 'Address': 'Test Address 24', 'Phone number': 9876500024, 'Comments': 'Test comment 24'} | Error: Message: invalid session id: session deleted as the browser has closed the connection
from disconnected: not connected to DevTools
  (Session info: chrome=135.0.7049.96)
Stacktrace:
	GetHandleVerifier [0x00007FF741255355+78597]
	GetHandleVerifier [0x00007FF7412553B0+78688]
	(No symbol) [0x00007FF7410091AA]
	(No symbol) [0x00007FF740FF4EF5]
	(No symbol) [0x00007FF741019F04]
	(No symbol) [0x00007FF74108ED0F]
	(No symbol) [0x00007FF7410AEBB2]
	(No symbol) [0x00007FF741086EC3]
	(No symbol) [0x00007FF7410503F8]
	(No symbol) [0x00007FF741051163]
	GetHandleVerifier [0x00007FF7414FEF0D+2870973]
	GetHandleVerifier [0x00007FF7414F96B8+2848360]
	GetHandleVerifier [0x00007FF741516993+2967875]
	GetHandleVerifier [0x00007FF74127019A+188746]
	GetHandleVerifier [0x00007FF74127847F+222255]
	GetHandleVerifier [0x00007FF74125D2D4+111236]
	GetHandleVerifier [0x00007FF74125D482+111666]
	GetHandleVerifier [0x00007FF7412435A9+5465]
	BaseThreadInitThunk [0x00007FFF64B47374+20]
	RtlUserThreadStart [0x00007FFF6651CC91+33]

2025-04-18 23:11:37,745 - Failed entry: {'Name': 'User25', 'Email': 'user25@test.com', 'Address': 'Test Address 25', 'Phone number': 9876500025, 'Comments': 'Test comment 25'} | Error: Message: invalid session id: session deleted as the browser has closed the connection
from disconnected: not connected to DevTools
  (Session info: chrome=135.0.7049.96)
Stacktrace:
	GetHandleVerifier [0x00007FF741255355+78597]
	GetHandleVerifier [0x00007FF7412553B0+78688]
	(No symbol) [0x00007FF7410091AA]
	(No symbol) [0x00007FF740FF4EF5]
	(No symbol) [0x00007FF741019F04]
	(No symbol) [0x00007FF74108ED0F]
	(No symbol) [0x00007FF7410AEBB2]
	(No symbol) [0x00007FF741086EC3]
	(No symbol) [0x00007FF7410503F8]
	(No symbol) [0x00007FF741051163]
	GetHandleVerifier [0x00007FF7414FEF0D+2870973]
	GetHandleVerifier [0x00007FF7414F96B8+2848360]
	GetHandleVerifier [0x00007FF741516993+2967875]
	GetHandleVerifier [0x00007FF74127019A+188746]
	GetHandleVerifier [0x00007FF74127847F+222255]
	GetHandleVerifier [0x00007FF74125D2D4+111236]
	GetHandleVerifier [0x00007FF74125D482+111666]
	GetHandleVerifier [0x00007FF7412435A9+5465]
	BaseThreadInitThunk [0x00007FFF64B47374+20]
	RtlUserThreadStart [0x00007FFF6651CC91+33]

2025-04-18 23:11:38,935 - Failed entry: {'Name': 'User26', 'Email': 'user26@test.com', 'Address': 'Test Address 26', 'Phone number': 9876500026, 'Comments': 'Test comment 26'} | Error: Message: invalid session id: session deleted as the browser has closed the connection
from disconnected: not connected to DevTools
  (Session info: chrome=135.0.7049.96)
Stacktrace:
	GetHandleVerifier [0x00007FF741255355+78597]
	GetHandleVerifier [0x00007FF7412553B0+78688]
	(No symbol) [0x00007FF7410091AA]
	(No symbol) [0x00007FF740FF4EF5]
	(No symbol) [0x00007FF741019F04]
	(No symbol) [0x00007FF74108ED0F]
	(No symbol) [0x00007FF7410AEBB2]
	(No symbol) [0x00007FF741086EC3]
	(No symbol) [0x00007FF7410503F8]
	(No symbol) [0x00007FF741051163]
	GetHandleVerifier [0x00007FF7414FEF0D+2870973]
	GetHandleVerifier [0x00007FF7414F96B8+2848360]
	GetHandleVerifier [0x00007FF741516993+2967875]
	GetHandleVerifier [0x00007FF74127019A+188746]
	GetHandleVerifier [0x00007FF74127847F+222255]
	GetHandleVerifier [0x00007FF74125D2D4+111236]
	GetHandleVerifier [0x00007FF74125D482+111666]
	GetHandleVerifier [0x00007FF7412435A9+5465]
	BaseThreadInitThunk [0x00007FFF64B47374+20]
	RtlUserThreadStart [0x00007FFF6651CC91+33]

2025-04-18 23:11:40,437 - Failed entry: {'Name': 'User27', 'Email': 'user27@test.com', 'Address': 'Test Address 27', 'Phone number': 9876500027, 'Comments': 'Test comment 27'} | Error: Message: invalid session id: session deleted as the browser has closed the connection
from disconnected: not connected to DevTools
  (Session info: chrome=135.0.7049.96)
Stacktrace:
	GetHandleVerifier [0x00007FF741255355+78597]
	GetHandleVerifier [0x00007FF7412553B0+78688]
	(No symbol) [0x00007FF7410091AA]
	(No symbol) [0x00007FF740FF4EF5]
	(No symbol) [0x00007FF741019F04]
	(No symbol) [0x00007FF74108ED0F]
	(No symbol) [0x00007FF7410AEBB2]
	(No symbol) [0x00007FF741086EC3]
	(No symbol) [0x00007FF7410503F8]
	(No symbol) [0x00007FF741051163]
	GetHandleVerifier [0x00007FF7414FEF0D+2870973]
	GetHandleVerifier [0x00007FF7414F96B8+2848360]
	GetHandleVerifier [0x00007FF741516993+2967875]
	GetHandleVerifier [0x00007FF74127019A+188746]
	GetHandleVerifier [0x00007FF74127847F+222255]
	GetHandleVerifier [0x00007FF74125D2D4+111236]
	GetHandleVerifier [0x00007FF74125D482+111666]
	GetHandleVerifier [0x00007FF7412435A9+5465]
	BaseThreadInitThunk [0x00007FFF64B47374+20]
	RtlUserThreadStart [0x00007FFF6651CC91+33]

2025-04-18 23:11:43,193 - Failed entry: {'Name': 'User29', 'Email': 'user29@test.com', 'Address': 'Test Address 29', 'Phone number': 9876500029, 'Comments': 'Test comment 29'} | Error: Message: invalid session id: session deleted as the browser has closed the connection
from disconnected: not connected to DevTools
  (Session info: chrome=135.0.7049.96)
Stacktrace:
	GetHandleVerifier [0x00007FF741255355+78597]
	GetHandleVerifier [0x00007FF7412553B0+78688]
	(No symbol) [0x00007FF7410091AA]
	(No symbol) [0x00007FF740FF4EF5]
	(No symbol) [0x00007FF741019F04]
	(No symbol) [0x00007FF74108ED0F]
	(No symbol) [0x00007FF7410AEBB2]
	(No symbol) [0x00007FF741086EC3]
	(No symbol) [0x00007FF7410503F8]
	(No symbol) [0x00007FF741051163]
	GetHandleVerifier [0x00007FF7414FEF0D+2870973]
	GetHandleVerifier [0x00007FF7414F96B8+2848360]
	GetHandleVerifier [0x00007FF741516993+2967875]
	GetHandleVerifier [0x00007FF74127019A+188746]
	GetHandleVerifier [0x00007FF74127847F+222255]
	GetHandleVerifier [0x00007FF74125D2D4+111236]
	GetHandleVerifier [0x00007FF74125D482+111666]
	GetHandleVerifier [0x00007FF7412435A9+5465]
	BaseThreadInitThunk [0x00007FFF64B47374+20]
	RtlUserThreadStart [0x00007FFF6651CC91+33]

2025-04-18 23:11:44,145 - Failed entry: {'Name': 'User30', 'Email': 'user30@test.com', 'Address': 'Test Address 30', 'Phone number': 9876500030, 'Comments': 'Test comment 30'} | Error: Message: invalid session id: session deleted as the browser has closed the connection
from disconnected: not connected to DevTools
  (Session info: chrome=135.0.7049.96)
Stacktrace:
	GetHandleVerifier [0x00007FF741255355+78597]
	GetHandleVerifier [0x00007FF7412553B0+78688]
	(No symbol) [0x00007FF7410091AA]
	(No symbol) [0x00007FF740FF4EF5]
	(No symbol) [0x00007FF741019F04]
	(No symbol) [0x00007FF74108ED0F]
	(No symbol) [0x00007FF7410AEBB2]
	(No symbol) [0x00007FF741086EC3]
	(No symbol) [0x00007FF7410503F8]
	(No symbol) [0x00007FF741051163]
	GetHandleVerifier [0x00007FF7414FEF0D+2870973]
	GetHandleVerifier [0x00007FF7414F96B8+2848360]
	GetHandleVerifier [0x00007FF741516993+2967875]
	GetHandleVerifier [0x00007FF74127019A+188746]
	GetHandleVerifier [0x00007FF74127847F+222255]
	GetHandleVerifier [0x00007FF74125D2D4+111236]
	GetHandleVerifier [0x00007FF74125D482+111666]
	GetHandleVerifier [0x00007FF7412435A9+5465]
	BaseThreadInitThunk [0x00007FFF64B47374+20]
	RtlUserThreadStart [0x00007FFF6651CC91+33]

2025-04-18 23:12:19,532 - Failed entry: {'Name': 'User28', 'Email': 'user28@test.com', 'Address': 'Test Address 28', 'Phone number': 9876500028, 'Comments': 'Test comment 28'} | Error: Message: invalid session id: session deleted as the browser has closed the connection
from disconnected: not connected to DevTools
  (Session info: chrome=135.0.7049.96)
Stacktrace:
	GetHandleVerifier [0x00007FF741255355+78597]
	GetHandleVerifier [0x00007FF7412553B0+78688]
	(No symbol) [0x00007FF7410091AA]
	(No symbol) [0x00007FF740FF4EF5]
	(No symbol) [0x00007FF741019F04]
	(No symbol) [0x00007FF74108ED0F]
	(No symbol) [0x00007FF7410AEBB2]
	(No symbol) [0x00007FF741086EC3]
	(No symbol) [0x00007FF7410503F8]
	(No symbol) [0x00007FF741051163]
	GetHandleVerifier [0x00007FF7414FEF0D+2870973]
	GetHandleVerifier [0x00007FF7414F96B8+2848360]
	GetHandleVerifier [0x00007FF741516993+2967875]
	GetHandleVerifier [0x00007FF74127019A+188746]
	GetHandleVerifier [0x00007FF74127847F+222255]
	GetHandleVerifier [0x00007FF74125D2D4+111236]
	GetHandleVerifier [0x00007FF74125D482+111666]
	GetHandleVerifier [0x00007FF7412435A9+5465]
	BaseThreadInitThunk [0x00007FFF64B47374+20]
	RtlUserThreadStart [0x00007FFF6651CC91+33]

2025-04-18 23:15:00,086 - Failed entry: {'Name': 'User31', 'Email': 'user31@test.com', 'Address': 'Test Address 31', 'Phone number': 9876500031, 'Comments': 'Test comment 31'} | Error: Message: invalid session id: session deleted as the browser has closed the connection
from disconnected: not connected to DevTools
  (Session info: chrome=135.0.7049.96)
Stacktrace:
	GetHandleVerifier [0x00007FF741255355+78597]
	GetHandleVerifier [0x00007FF7412553B0+78688]
	(No symbol) [0x00007FF7410091AA]
	(No symbol) [0x00007FF740FF4EF5]
	(No symbol) [0x00007FF741019F04]
	(No symbol) [0x00007FF74108ED0F]
	(No symbol) [0x00007FF7410AEBB2]
	(No symbol) [0x00007FF741086EC3]
	(No symbol) [0x00007FF7410503F8]
	(No symbol) [0x00007FF741051163]
	GetHandleVerifier [0x00007FF7414FEF0D+2870973]
	GetHandleVerifier [0x00007FF7414F96B8+2848360]
	GetHandleVerifier [0x00007FF741516993+2967875]
	GetHandleVerifier [0x00007FF74127019A+188746]
	GetHandleVerifier [0x00007FF74127847F+222255]
	GetHandleVerifier [0x00007FF74125D2D4+111236]
	GetHandleVerifier [0x00007FF74125D482+111666]
	GetHandleVerifier [0x00007FF7412435A9+5465]
	BaseThreadInitThunk [0x00007FFF64B47374+20]
	RtlUserThreadStart [0x00007FFF6651CC91+33]

2025-04-18 23:15:01,374 - Failed entry: {'Name': 'User32', 'Email': 'user32@test.com', 'Address': 'Test Address 32', 'Phone number': 9876500032, 'Comments': 'Test comment 32'} | Error: Message: invalid session id: session deleted as the browser has closed the connection
from disconnected: not connected to DevTools
  (Session info: chrome=135.0.7049.96)
Stacktrace:
	GetHandleVerifier [0x00007FF741255355+78597]
	GetHandleVerifier [0x00007FF7412553B0+78688]
	(No symbol) [0x00007FF7410091AA]
	(No symbol) [0x00007FF740FF4EF5]
	(No symbol) [0x00007FF741019F04]
	(No symbol) [0x00007FF74108ED0F]
	(No symbol) [0x00007FF7410AEBB2]
	(No symbol) [0x00007FF741086EC3]
	(No symbol) [0x00007FF7410503F8]
	(No symbol) [0x00007FF741051163]
	GetHandleVerifier [0x00007FF7414FEF0D+2870973]
	GetHandleVerifier [0x00007FF7414F96B8+2848360]
	GetHandleVerifier [0x00007FF741516993+2967875]
	GetHandleVerifier [0x00007FF74127019A+188746]
	GetHandleVerifier [0x00007FF74127847F+222255]
	GetHandleVerifier [0x00007FF74125D2D4+111236]
	GetHandleVerifier [0x00007FF74125D482+111666]
	GetHandleVerifier [0x00007FF7412435A9+5465]
	BaseThreadInitThunk [0x00007FFF64B47374+20]
	RtlUserThreadStart [0x00007FFF6651CC91+33]

2025-04-18 23:15:02,110 - Failed entry: {'Name': 'User33', 'Email': 'user33@test.com', 'Address': 'Test Address 33', 'Phone number': 9876500033, 'Comments': 'Test comment 33'} | Error: Message: invalid session id: session deleted as the browser has closed the connection
from disconnected: not connected to DevTools
  (Session info: chrome=135.0.7049.96)
Stacktrace:
	GetHandleVerifier [0x00007FF741255355+78597]
	GetHandleVerifier [0x00007FF7412553B0+78688]
	(No symbol) [0x00007FF7410091AA]
	(No symbol) [0x00007FF740FF4EF5]
	(No symbol) [0x00007FF741019F04]
	(No symbol) [0x00007FF74108ED0F]
	(No symbol) [0x00007FF7410AEBB2]
	(No symbol) [0x00007FF741086EC3]
	(No symbol) [0x00007FF7410503F8]
	(No symbol) [0x00007FF741051163]
	GetHandleVerifier [0x00007FF7414FEF0D+2870973]
	GetHandleVerifier [0x00007FF7414F96B8+2848360]
	GetHandleVerifier [0x00007FF741516993+2967875]
	GetHandleVerifier [0x00007FF74127019A+188746]
	GetHandleVerifier [0x00007FF74127847F+222255]
	GetHandleVerifier [0x00007FF74125D2D4+111236]
	GetHandleVerifier [0x00007FF74125D482+111666]
	GetHandleVerifier [0x00007FF7412435A9+5465]
	BaseThreadInitThunk [0x00007FFF64B47374+20]
	RtlUserThreadStart [0x00007FFF6651CC91+33]

2025-04-18 23:15:03,227 - Failed entry: {'Name': 'User34', 'Email': 'user34@test.com', 'Address': 'Test Address 34', 'Phone number': 9876500034, 'Comments': 'Test comment 34'} | Error: Message: invalid session id: session deleted as the browser has closed the connection
from disconnected: not connected to DevTools
  (Session info: chrome=135.0.7049.96)
Stacktrace:
	GetHandleVerifier [0x00007FF741255355+78597]
	GetHandleVerifier [0x00007FF7412553B0+78688]
	(No symbol) [0x00007FF7410091AA]
	(No symbol) [0x00007FF740FF4EF5]
	(No symbol) [0x00007FF741019F04]
	(No symbol) [0x00007FF74108ED0F]
	(No symbol) [0x00007FF7410AEBB2]
	(No symbol) [0x00007FF741086EC3]
	(No symbol) [0x00007FF7410503F8]
	(No symbol) [0x00007FF741051163]
	GetHandleVerifier [0x00007FF7414FEF0D+2870973]
	GetHandleVerifier [0x00007FF7414F96B8+2848360]
	GetHandleVerifier [0x00007FF741516993+2967875]
	GetHandleVerifier [0x00007FF74127019A+188746]
	GetHandleVerifier [0x00007FF74127847F+222255]
	GetHandleVerifier [0x00007FF74125D2D4+111236]
	GetHandleVerifier [0x00007FF74125D482+111666]
	GetHandleVerifier [0x00007FF7412435A9+5465]
	BaseThreadInitThunk [0x00007FFF64B47374+20]
	RtlUserThreadStart [0x00007FFF6651CC91+33]

2025-04-18 23:15:03,921 - Failed entry: {'Name': 'User35', 'Email': 'user35@test.com', 'Address': 'Test Address 35', 'Phone number': 9876500035, 'Comments': 'Test comment 35'} | Error: Message: invalid session id: session deleted as the browser has closed the connection
from disconnected: not connected to DevTools
  (Session info: chrome=135.0.7049.96)
Stacktrace:
	GetHandleVerifier [0x00007FF741255355+78597]
	GetHandleVerifier [0x00007FF7412553B0+78688]
	(No symbol) [0x00007FF7410091AA]
	(No symbol) [0x00007FF740FF4EF5]
	(No symbol) [0x00007FF741019F04]
	(No symbol) [0x00007FF74108ED0F]
	(No symbol) [0x00007FF7410AEBB2]
	(No symbol) [0x00007FF741086EC3]
	(No symbol) [0x00007FF7410503F8]
	(No symbol) [0x00007FF741051163]
	GetHandleVerifier [0x00007FF7414FEF0D+2870973]
	GetHandleVerifier [0x00007FF7414F96B8+2848360]
	GetHandleVerifier [0x00007FF741516993+2967875]
	GetHandleVerifier [0x00007FF74127019A+188746]
	GetHandleVerifier [0x00007FF74127847F+222255]
	GetHandleVerifier [0x00007FF74125D2D4+111236]
	GetHandleVerifier [0x00007FF74125D482+111666]
	GetHandleVerifier [0x00007FF7412435A9+5465]
	BaseThreadInitThunk [0x00007FFF64B47374+20]
	RtlUserThreadStart [0x00007FFF6651CC91+33]

2025-04-18 23:15:04,830 - Failed entry: {'Name': 'User36', 'Email': 'user36@test.com', 'Address': 'Test Address 36', 'Phone number': 9876500036, 'Comments': 'Test comment 36'} | Error: Message: invalid session id: session deleted as the browser has closed the connection
from disconnected: not connected to DevTools
  (Session info: chrome=135.0.7049.96)
Stacktrace:
	GetHandleVerifier [0x00007FF741255355+78597]
	GetHandleVerifier [0x00007FF7412553B0+78688]
	(No symbol) [0x00007FF7410091AA]
	(No symbol) [0x00007FF740FF4EF5]
	(No symbol) [0x00007FF741019F04]
	(No symbol) [0x00007FF74108ED0F]
	(No symbol) [0x00007FF7410AEBB2]
	(No symbol) [0x00007FF741086EC3]
	(No symbol) [0x00007FF7410503F8]
	(No symbol) [0x00007FF741051163]
	GetHandleVerifier [0x00007FF7414FEF0D+2870973]
	GetHandleVerifier [0x00007FF7414F96B8+2848360]
	GetHandleVerifier [0x00007FF741516993+2967875]
	GetHandleVerifier [0x00007FF74127019A+188746]
	GetHandleVerifier [0x00007FF74127847F+222255]
	GetHandleVerifier [0x00007FF74125D2D4+111236]
	GetHandleVerifier [0x00007FF74125D482+111666]
	GetHandleVerifier [0x00007FF7412435A9+5465]
	BaseThreadInitThunk [0x00007FFF64B47374+20]
	RtlUserThreadStart [0x00007FFF6651CC91+33]

2025-04-18 23:15:05,890 - Failed entry: {'Name': 'User37', 'Email': 'user37@test.com', 'Address': 'Test Address 37', 'Phone number': 9876500037, 'Comments': 'Test comment 37'} | Error: Message: invalid session id: session deleted as the browser has closed the connection
from disconnected: not connected to DevTools
  (Session info: chrome=135.0.7049.96)
Stacktrace:
	GetHandleVerifier [0x00007FF741255355+78597]
	GetHandleVerifier [0x00007FF7412553B0+78688]
	(No symbol) [0x00007FF7410091AA]
	(No symbol) [0x00007FF740FF4EF5]
	(No symbol) [0x00007FF741019F04]
	(No symbol) [0x00007FF74108ED0F]
	(No symbol) [0x00007FF7410AEBB2]
	(No symbol) [0x00007FF741086EC3]
	(No symbol) [0x00007FF7410503F8]
	(No symbol) [0x00007FF741051163]
	GetHandleVerifier [0x00007FF7414FEF0D+2870973]
	GetHandleVerifier [0x00007FF7414F96B8+2848360]
	GetHandleVerifier [0x00007FF741516993+2967875]
	GetHandleVerifier [0x00007FF74127019A+188746]
	GetHandleVerifier [0x00007FF74127847F+222255]
	GetHandleVerifier [0x00007FF74125D2D4+111236]
	GetHandleVerifier [0x00007FF74125D482+111666]
	GetHandleVerifier [0x00007FF7412435A9+5465]
	BaseThreadInitThunk [0x00007FFF64B47374+20]
	RtlUserThreadStart [0x00007FFF6651CC91+33]

2025-04-18 23:15:07,766 - Failed entry: {'Name': 'User38', 'Email': 'user38@test.com', 'Address': 'Test Address 38', 'Phone number': 9876500038, 'Comments': 'Test comment 38'} | Error: Message: no such window: target window already closed
from unknown error: web view not found
  (Session info: chrome=135.0.7049.96)
Stacktrace:
	GetHandleVerifier [0x00007FF741255355+78597]
	GetHandleVerifier [0x00007FF7412553B0+78688]
	(No symbol) [0x00007FF7410091AA]
	(No symbol) [0x00007FF740FE1B63]
	(No symbol) [0x00007FF74108EB6E]
	(No symbol) [0x00007FF7410AEBB2]
	(No symbol) [0x00007FF741086EC3]
	(No symbol) [0x00007FF7410503F8]
	(No symbol) [0x00007FF741051163]
	GetHandleVerifier [0x00007FF7414FEF0D+2870973]
	GetHandleVerifier [0x00007FF7414F96B8+2848360]
	GetHandleVerifier [0x00007FF741516993+2967875]
	GetHandleVerifier [0x00007FF74127019A+188746]
	GetHandleVerifier [0x00007FF74127847F+222255]
	GetHandleVerifier [0x00007FF74125D2D4+111236]
	GetHandleVerifier [0x00007FF74125D482+111666]
	GetHandleVerifier [0x00007FF7412435A9+5465]
	BaseThreadInitThunk [0x00007FFF64B47374+20]
	RtlUserThreadStart [0x00007FFF6651CC91+33]

2025-04-18 23:15:08,738 - Failed entry: {'Name': 'User39', 'Email': 'user39@test.com', 'Address': 'Test Address 39', 'Phone number': 9876500039, 'Comments': 'Test comment 39'} | Error: Message: invalid session id: session deleted as the browser has closed the connection
from disconnected: not connected to DevTools
  (Session info: chrome=135.0.7049.96)
Stacktrace:
	GetHandleVerifier [0x00007FF741255355+78597]
	GetHandleVerifier [0x00007FF7412553B0+78688]
	(No symbol) [0x00007FF7410091AA]
	(No symbol) [0x00007FF740FF4EF5]
	(No symbol) [0x00007FF741019F04]
	(No symbol) [0x00007FF74108ED0F]
	(No symbol) [0x00007FF7410AEBB2]
	(No symbol) [0x00007FF741086EC3]
	(No symbol) [0x00007FF7410503F8]
	(No symbol) [0x00007FF741051163]
	GetHandleVerifier [0x00007FF7414FEF0D+2870973]
	GetHandleVerifier [0x00007FF7414F96B8+2848360]
	GetHandleVerifier [0x00007FF741516993+2967875]
	GetHandleVerifier [0x00007FF74127019A+188746]
	GetHandleVerifier [0x00007FF74127847F+222255]
	GetHandleVerifier [0x00007FF74125D2D4+111236]
	GetHandleVerifier [0x00007FF74125D482+111666]
	GetHandleVerifier [0x00007FF7412435A9+5465]
	BaseThreadInitThunk [0x00007FFF64B47374+20]
	RtlUserThreadStart [0x00007FFF6651CC91+33]

2025-04-18 23:15:44,108 - Failed entry: {'Name': 'User40', 'Email': 'user40@test.com', 'Address': 'Test Address 40', 'Phone number': 9876500040, 'Comments': 'Test comment 40'} | Error: Message: invalid session id: session deleted as the browser has closed the connection
from disconnected: not connected to DevTools
  (Session info: chrome=135.0.7049.96)
Stacktrace:
	GetHandleVerifier [0x00007FF741255355+78597]
	GetHandleVerifier [0x00007FF7412553B0+78688]
	(No symbol) [0x00007FF7410091AA]
	(No symbol) [0x00007FF740FF4EF5]
	(No symbol) [0x00007FF741019F04]
	(No symbol) [0x00007FF74108ED0F]
	(No symbol) [0x00007FF7410AEBB2]
	(No symbol) [0x00007FF741086EC3]
	(No symbol) [0x00007FF7410503F8]
	(No symbol) [0x00007FF741051163]
	GetHandleVerifier [0x00007FF7414FEF0D+2870973]
	GetHandleVerifier [0x00007FF7414F96B8+2848360]
	GetHandleVerifier [0x00007FF741516993+2967875]
	GetHandleVerifier [0x00007FF74127019A+188746]
	GetHandleVerifier [0x00007FF74127847F+222255]
	GetHandleVerifier [0x00007FF74125D2D4+111236]
	GetHandleVerifier [0x00007FF74125D482+111666]
	GetHandleVerifier [0x00007FF7412435A9+5465]
	BaseThreadInitThunk [0x00007FFF64B47374+20]
	RtlUserThreadStart [0x00007FFF6651CC91+33]

2025-04-18 23:18:24,140 - Failed entry: {'Name': 'User41', 'Email': 'user41@test.com', 'Address': 'Test Address 41', 'Phone number': 9876500041, 'Comments': 'Test comment 41'} | Error: Message: element not interactable
  (Session info: chrome=135.0.7049.96)
Stacktrace:
	GetHandleVerifier [0x00007FF741255355+78597]
	GetHandleVerifier [0x00007FF7412553B0+78688]
	(No symbol) [0x00007FF741008FDC]
	(No symbol) [0x00007FF741058934]
	(No symbol) [0x00007FF741056753]
	(No symbol) [0x00007FF7410870EA]
	(No symbol) [0x00007FF741051AB6]
	(No symbol) [0x00007FF741087300]
	(No symbol) [0x00007FF7410AF2BB]
	(No symbol) [0x00007FF741086EC3]
	(No symbol) [0x00007FF7410503F8]
	(No symbol) [0x00007FF741051163]
	GetHandleVerifier [0x00007FF7414FEF0D+2870973]
	GetHandleVerifier [0x00007FF7414F96B8+2848360]
	GetHandleVerifier [0x00007FF741516993+2967875]
	GetHandleVerifier [0x00007FF74127019A+188746]
	GetHandleVerifier [0x00007FF74127847F+222255]
	GetHandleVerifier [0x00007FF74125D2D4+111236]
	GetHandleVerifier [0x00007FF74125D482+111666]
	GetHandleVerifier [0x00007FF7412435A9+5465]
	BaseThreadInitThunk [0x00007FFF64B47374+20]
	RtlUserThreadStart [0x00007FFF6651CC91+33]

2025-04-18 23:18:25,424 - Failed entry: {'Name': 'User42', 'Email': 'user42@test.com', 'Address': 'Test Address 42', 'Phone number': 9876500042, 'Comments': 'Test comment 42'} | Error: Message: element not interactable
  (Session info: chrome=135.0.7049.96)
Stacktrace:
	GetHandleVerifier [0x00007FF741255355+78597]
	GetHandleVerifier [0x00007FF7412553B0+78688]
	(No symbol) [0x00007FF741008FDC]
	(No symbol) [0x00007FF741058934]
	(No symbol) [0x00007FF741056753]
	(No symbol) [0x00007FF7410870EA]
	(No symbol) [0x00007FF741051AB6]
	(No symbol) [0x00007FF741087300]
	(No symbol) [0x00007FF7410AF2BB]
	(No symbol) [0x00007FF741086EC3]
	(No symbol) [0x00007FF7410503F8]
	(No symbol) [0x00007FF741051163]
	GetHandleVerifier [0x00007FF7414FEF0D+2870973]
	GetHandleVerifier [0x00007FF7414F96B8+2848360]
	GetHandleVerifier [0x00007FF741516993+2967875]
	GetHandleVerifier [0x00007FF74127019A+188746]
	GetHandleVerifier [0x00007FF74127847F+222255]
	GetHandleVerifier [0x00007FF74125D2D4+111236]
	GetHandleVerifier [0x00007FF74125D482+111666]
	GetHandleVerifier [0x00007FF7412435A9+5465]
	BaseThreadInitThunk [0x00007FFF64B47374+20]
	RtlUserThreadStart [0x00007FFF6651CC91+33]

2025-04-18 23:18:27,737 - Failed entry: {'Name': 'User43', 'Email': 'user43@test.com', 'Address': 'Test Address 43', 'Phone number': 9876500043, 'Comments': 'Test comment 43'} | Error: Message: element not interactable
  (Session info: chrome=135.0.7049.96)
Stacktrace:
	GetHandleVerifier [0x00007FF741255355+78597]
	GetHandleVerifier [0x00007FF7412553B0+78688]
	(No symbol) [0x00007FF741008FDC]
	(No symbol) [0x00007FF741058934]
	(No symbol) [0x00007FF741056753]
	(No symbol) [0x00007FF7410870EA]
	(No symbol) [0x00007FF741051AB6]
	(No symbol) [0x00007FF741087300]
	(No symbol) [0x00007FF7410AF2BB]
	(No symbol) [0x00007FF741086EC3]
	(No symbol) [0x00007FF7410503F8]
	(No symbol) [0x00007FF741051163]
	GetHandleVerifier [0x00007FF7414FEF0D+2870973]
	GetHandleVerifier [0x00007FF7414F96B8+2848360]
	GetHandleVerifier [0x00007FF741516993+2967875]
	GetHandleVerifier [0x00007FF74127019A+188746]
	GetHandleVerifier [0x00007FF74127847F+222255]
	GetHandleVerifier [0x00007FF74125D2D4+111236]
	GetHandleVerifier [0x00007FF74125D482+111666]
	GetHandleVerifier [0x00007FF7412435A9+5465]
	BaseThreadInitThunk [0x00007FFF64B47374+20]
	RtlUserThreadStart [0x00007FFF6651CC91+33]

2025-04-18 23:18:29,545 - Failed entry: {'Name': 'User44', 'Email': 'user44@test.com', 'Address': 'Test Address 44', 'Phone number': 9876500044, 'Comments': 'Test comment 44'} | Error: Message: element not interactable
  (Session info: chrome=135.0.7049.96)
Stacktrace:
	GetHandleVerifier [0x00007FF741255355+78597]
	GetHandleVerifier [0x00007FF7412553B0+78688]
	(No symbol) [0x00007FF741008FDC]
	(No symbol) [0x00007FF741058934]
	(No symbol) [0x00007FF741056753]
	(No symbol) [0x00007FF7410870EA]
	(No symbol) [0x00007FF741051AB6]
	(No symbol) [0x00007FF741087300]
	(No symbol) [0x00007FF7410AF2BB]
	(No symbol) [0x00007FF741086EC3]
	(No symbol) [0x00007FF7410503F8]
	(No symbol) [0x00007FF741051163]
	GetHandleVerifier [0x00007FF7414FEF0D+2870973]
	GetHandleVerifier [0x00007FF7414F96B8+2848360]
	GetHandleVerifier [0x00007FF741516993+2967875]
	GetHandleVerifier [0x00007FF74127019A+188746]
	GetHandleVerifier [0x00007FF74127847F+222255]
	GetHandleVerifier [0x00007FF74125D2D4+111236]
	GetHandleVerifier [0x00007FF74125D482+111666]
	GetHandleVerifier [0x00007FF7412435A9+5465]
	BaseThreadInitThunk [0x00007FFF64B47374+20]
	RtlUserThreadStart [0x00007FFF6651CC91+33]

2025-04-18 23:18:29,812 - Failed entry: {'Name': 'User46', 'Email': 'user46@test.com', 'Address': 'Test Address 46', 'Phone number': 9876500046, 'Comments': 'Test comment 46'} | Error: Message: element not interactable
  (Session info: chrome=135.0.7049.96)
Stacktrace:
	GetHandleVerifier [0x00007FF741255355+78597]
	GetHandleVerifier [0x00007FF7412553B0+78688]
	(No symbol) [0x00007FF741008FDC]
	(No symbol) [0x00007FF741058934]
	(No symbol) [0x00007FF741056753]
	(No symbol) [0x00007FF7410870EA]
	(No symbol) [0x00007FF741051AB6]
	(No symbol) [0x00007FF741087300]
	(No symbol) [0x00007FF7410AF2BB]
	(No symbol) [0x00007FF741086EC3]
	(No symbol) [0x00007FF7410503F8]
	(No symbol) [0x00007FF741051163]
	GetHandleVerifier [0x00007FF7414FEF0D+2870973]
	GetHandleVerifier [0x00007FF7414F96B8+2848360]
	GetHandleVerifier [0x00007FF741516993+2967875]
	GetHandleVerifier [0x00007FF74127019A+188746]
	GetHandleVerifier [0x00007FF74127847F+222255]
	GetHandleVerifier [0x00007FF74125D2D4+111236]
	GetHandleVerifier [0x00007FF74125D482+111666]
	GetHandleVerifier [0x00007FF7412435A9+5465]
	BaseThreadInitThunk [0x00007FFF64B47374+20]
	RtlUserThreadStart [0x00007FFF6651CC91+33]

2025-04-18 23:18:29,863 - Failed entry: {'Name': 'User45', 'Email': 'user45@test.com', 'Address': 'Test Address 45', 'Phone number': 9876500045, 'Comments': 'Test comment 45'} | Error: Message: element not interactable
  (Session info: chrome=135.0.7049.96)
Stacktrace:
	GetHandleVerifier [0x00007FF741255355+78597]
	GetHandleVerifier [0x00007FF7412553B0+78688]
	(No symbol) [0x00007FF741008FDC]
	(No symbol) [0x00007FF741058934]
	(No symbol) [0x00007FF741056753]
	(No symbol) [0x00007FF7410870EA]
	(No symbol) [0x00007FF741051AB6]
	(No symbol) [0x00007FF741087300]
	(No symbol) [0x00007FF7410AF2BB]
	(No symbol) [0x00007FF741086EC3]
	(No symbol) [0x00007FF7410503F8]
	(No symbol) [0x00007FF741051163]
	GetHandleVerifier [0x00007FF7414FEF0D+2870973]
	GetHandleVerifier [0x00007FF7414F96B8+2848360]
	GetHandleVerifier [0x00007FF741516993+2967875]
	GetHandleVerifier [0x00007FF74127019A+188746]
	GetHandleVerifier [0x00007FF74127847F+222255]
	GetHandleVerifier [0x00007FF74125D2D4+111236]
	GetHandleVerifier [0x00007FF74125D482+111666]
	GetHandleVerifier [0x00007FF7412435A9+5465]
	BaseThreadInitThunk [0x00007FFF64B47374+20]
	RtlUserThreadStart [0x00007FFF6651CC91+33]

2025-04-18 23:18:31,585 - Failed entry: {'Name': 'User47', 'Email': 'user47@test.com', 'Address': 'Test Address 47', 'Phone number': 9876500047, 'Comments': 'Test comment 47'} | Error: Message: element not interactable
  (Session info: chrome=135.0.7049.96)
Stacktrace:
	GetHandleVerifier [0x00007FF741255355+78597]
	GetHandleVerifier [0x00007FF7412553B0+78688]
	(No symbol) [0x00007FF741008FDC]
	(No symbol) [0x00007FF741058934]
	(No symbol) [0x00007FF741056753]
	(No symbol) [0x00007FF7410870EA]
	(No symbol) [0x00007FF741051AB6]
	(No symbol) [0x00007FF741087300]
	(No symbol) [0x00007FF7410AF2BB]
	(No symbol) [0x00007FF741086EC3]
	(No symbol) [0x00007FF7410503F8]
	(No symbol) [0x00007FF741051163]
	GetHandleVerifier [0x00007FF7414FEF0D+2870973]
	GetHandleVerifier [0x00007FF7414F96B8+2848360]
	GetHandleVerifier [0x00007FF741516993+2967875]
	GetHandleVerifier [0x00007FF74127019A+188746]
	GetHandleVerifier [0x00007FF74127847F+222255]
	GetHandleVerifier [0x00007FF74125D2D4+111236]
	GetHandleVerifier [0x00007FF74125D482+111666]
	GetHandleVerifier [0x00007FF7412435A9+5465]
	BaseThreadInitThunk [0x00007FFF64B47374+20]
	RtlUserThreadStart [0x00007FFF6651CC91+33]

2025-04-18 23:18:32,961 - Failed entry: {'Name': 'User48', 'Email': 'user48@test.com', 'Address': 'Test Address 48', 'Phone number': 9876500048, 'Comments': 'Test comment 48'} | Error: Message: element not interactable
  (Session info: chrome=135.0.7049.96)
Stacktrace:
	GetHandleVerifier [0x00007FF741255355+78597]
	GetHandleVerifier [0x00007FF7412553B0+78688]
	(No symbol) [0x00007FF741008FDC]
	(No symbol) [0x00007FF741058934]
	(No symbol) [0x00007FF741056753]
	(No symbol) [0x00007FF7410870EA]
	(No symbol) [0x00007FF741051AB6]
	(No symbol) [0x00007FF741087300]
	(No symbol) [0x00007FF7410AF2BB]
	(No symbol) [0x00007FF741086EC3]
	(No symbol) [0x00007FF7410503F8]
	(No symbol) [0x00007FF741051163]
	GetHandleVerifier [0x00007FF7414FEF0D+2870973]
	GetHandleVerifier [0x00007FF7414F96B8+2848360]
	GetHandleVerifier [0x00007FF741516993+2967875]
	GetHandleVerifier [0x00007FF74127019A+188746]
	GetHandleVerifier [0x00007FF74127847F+222255]
	GetHandleVerifier [0x00007FF74125D2D4+111236]
	GetHandleVerifier [0x00007FF74125D482+111666]
	GetHandleVerifier [0x00007FF7412435A9+5465]
	BaseThreadInitThunk [0x00007FFF64B47374+20]
	RtlUserThreadStart [0x00007FFF6651CC91+33]

2025-04-18 23:18:35,941 - Failed entry: {'Name': 'User49', 'Email': 'user49@test.com', 'Address': 'Test Address 49', 'Phone number': 9876500049, 'Comments': 'Test comment 49'} | Error: Message: element not interactable
  (Session info: chrome=135.0.7049.96)
Stacktrace:
	GetHandleVerifier [0x00007FF741255355+78597]
	GetHandleVerifier [0x00007FF7412553B0+78688]
	(No symbol) [0x00007FF741008FDC]
	(No symbol) [0x00007FF741058934]
	(No symbol) [0x00007FF741056753]
	(No symbol) [0x00007FF7410870EA]
	(No symbol) [0x00007FF741051AB6]
	(No symbol) [0x00007FF741087300]
	(No symbol) [0x00007FF7410AF2BB]
	(No symbol) [0x00007FF741086EC3]
	(No symbol) [0x00007FF7410503F8]
	(No symbol) [0x00007FF741051163]
	GetHandleVerifier [0x00007FF7414FEF0D+2870973]
	GetHandleVerifier [0x00007FF7414F96B8+2848360]
	GetHandleVerifier [0x00007FF741516993+2967875]
	GetHandleVerifier [0x00007FF74127019A+188746]
	GetHandleVerifier [0x00007FF74127847F+222255]
	GetHandleVerifier [0x00007FF74125D2D4+111236]
	GetHandleVerifier [0x00007FF74125D482+111666]
	GetHandleVerifier [0x00007FF7412435A9+5465]
	BaseThreadInitThunk [0x00007FFF64B47374+20]
	RtlUserThreadStart [0x00007FFF6651CC91+33]

2025-04-18 23:19:10,157 - Failed entry: {'Name': 'User50', 'Email': 'user50@test.com', 'Address': 'Test Address 50', 'Phone number': 9876500050, 'Comments': 'Test comment 50'} | Error: Message: element not interactable
  (Session info: chrome=135.0.7049.96)
Stacktrace:
	GetHandleVerifier [0x00007FF741255355+78597]
	GetHandleVerifier [0x00007FF7412553B0+78688]
	(No symbol) [0x00007FF741008FDC]
	(No symbol) [0x00007FF741058934]
	(No symbol) [0x00007FF741056753]
	(No symbol) [0x00007FF7410870EA]
	(No symbol) [0x00007FF741051AB6]
	(No symbol) [0x00007FF741087300]
	(No symbol) [0x00007FF7410AF2BB]
	(No symbol) [0x00007FF741086EC3]
	(No symbol) [0x00007FF7410503F8]
	(No symbol) [0x00007FF741051163]
	GetHandleVerifier [0x00007FF7414FEF0D+2870973]
	GetHandleVerifier [0x00007FF7414F96B8+2848360]
	GetHandleVerifier [0x00007FF741516993+2967875]
	GetHandleVerifier [0x00007FF74127019A+188746]
	GetHandleVerifier [0x00007FF74127847F+222255]
	GetHandleVerifier [0x00007FF74125D2D4+111236]
	GetHandleVerifier [0x00007FF74125D482+111666]
	GetHandleVerifier [0x00007FF7412435A9+5465]
	BaseThreadInitThunk [0x00007FFF64B47374+20]
	RtlUserThreadStart [0x00007FFF6651CC91+33]

2025-04-18 23:21:49,208 - Failed entry: {'Name': 'User51', 'Email': 'user51@test.com', 'Address': 'Test Address 51', 'Phone number': 9876500051, 'Comments': 'Test comment 51'} | Error: Message: element not interactable
  (Session info: chrome=135.0.7049.96)
Stacktrace:
	GetHandleVerifier [0x00007FF741255355+78597]
	GetHandleVerifier [0x00007FF7412553B0+78688]
	(No symbol) [0x00007FF741008FDC]
	(No symbol) [0x00007FF741058934]
	(No symbol) [0x00007FF741056753]
	(No symbol) [0x00007FF7410870EA]
	(No symbol) [0x00007FF741051AB6]
	(No symbol) [0x00007FF741087300]
	(No symbol) [0x00007FF7410AF2BB]
	(No symbol) [0x00007FF741086EC3]
	(No symbol) [0x00007FF7410503F8]
	(No symbol) [0x00007FF741051163]
	GetHandleVerifier [0x00007FF7414FEF0D+2870973]
	GetHandleVerifier [0x00007FF7414F96B8+2848360]
	GetHandleVerifier [0x00007FF741516993+2967875]
	GetHandleVerifier [0x00007FF74127019A+188746]
	GetHandleVerifier [0x00007FF74127847F+222255]
	GetHandleVerifier [0x00007FF74125D2D4+111236]
	GetHandleVerifier [0x00007FF74125D482+111666]
	GetHandleVerifier [0x00007FF7412435A9+5465]
	BaseThreadInitThunk [0x00007FFF64B47374+20]
	RtlUserThreadStart [0x00007FFF6651CC91+33]

2025-04-18 23:21:50,364 - Failed entry: {'Name': 'User52', 'Email': 'user52@test.com', 'Address': 'Test Address 52', 'Phone number': 9876500052, 'Comments': 'Test comment 52'} | Error: Message: element not interactable
  (Session info: chrome=135.0.7049.96)
Stacktrace:
	GetHandleVerifier [0x00007FF741255355+78597]
	GetHandleVerifier [0x00007FF7412553B0+78688]
	(No symbol) [0x00007FF741008FDC]
	(No symbol) [0x00007FF741058934]
	(No symbol) [0x00007FF741056753]
	(No symbol) [0x00007FF7410870EA]
	(No symbol) [0x00007FF741051AB6]
	(No symbol) [0x00007FF741087300]
	(No symbol) [0x00007FF7410AF2BB]
	(No symbol) [0x00007FF741086EC3]
	(No symbol) [0x00007FF7410503F8]
	(No symbol) [0x00007FF741051163]
	GetHandleVerifier [0x00007FF7414FEF0D+2870973]
	GetHandleVerifier [0x00007FF7414F96B8+2848360]
	GetHandleVerifier [0x00007FF741516993+2967875]
	GetHandleVerifier [0x00007FF74127019A+188746]
	GetHandleVerifier [0x00007FF74127847F+222255]
	GetHandleVerifier [0x00007FF74125D2D4+111236]
	GetHandleVerifier [0x00007FF74125D482+111666]
	GetHandleVerifier [0x00007FF7412435A9+5465]
	BaseThreadInitThunk [0x00007FFF64B47374+20]
	RtlUserThreadStart [0x00007FFF6651CC91+33]

2025-04-18 23:21:53,726 - Failed entry: {'Name': 'User53', 'Email': 'user53@test.com', 'Address': 'Test Address 53', 'Phone number': 9876500053, 'Comments': 'Test comment 53'} | Error: Message: element not interactable
  (Session info: chrome=135.0.7049.96)
Stacktrace:
	GetHandleVerifier [0x00007FF741255355+78597]
	GetHandleVerifier [0x00007FF7412553B0+78688]
	(No symbol) [0x00007FF741008FDC]
	(No symbol) [0x00007FF741058934]
	(No symbol) [0x00007FF741056753]
	(No symbol) [0x00007FF7410870EA]
	(No symbol) [0x00007FF741051AB6]
	(No symbol) [0x00007FF741087300]
	(No symbol) [0x00007FF7410AF2BB]
	(No symbol) [0x00007FF741086EC3]
	(No symbol) [0x00007FF7410503F8]
	(No symbol) [0x00007FF741051163]
	GetHandleVerifier [0x00007FF7414FEF0D+2870973]
	GetHandleVerifier [0x00007FF7414F96B8+2848360]
	GetHandleVerifier [0x00007FF741516993+2967875]
	GetHandleVerifier [0x00007FF74127019A+188746]
	GetHandleVerifier [0x00007FF74127847F+222255]
	GetHandleVerifier [0x00007FF74125D2D4+111236]
	GetHandleVerifier [0x00007FF74125D482+111666]
	GetHandleVerifier [0x00007FF7412435A9+5465]
	BaseThreadInitThunk [0x00007FFF64B47374+20]
	RtlUserThreadStart [0x00007FFF6651CC91+33]

2025-04-18 23:21:54,419 - Failed entry: {'Name': 'User55', 'Email': 'user55@test.com', 'Address': 'Test Address 55', 'Phone number': 9876500055, 'Comments': 'Test comment 55'} | Error: Message: element not interactable
  (Session info: chrome=135.0.7049.96)
Stacktrace:
	GetHandleVerifier [0x00007FF741255355+78597]
	GetHandleVerifier [0x00007FF7412553B0+78688]
	(No symbol) [0x00007FF741008FDC]
	(No symbol) [0x00007FF741058934]
	(No symbol) [0x00007FF741056753]
	(No symbol) [0x00007FF7410870EA]
	(No symbol) [0x00007FF741051AB6]
	(No symbol) [0x00007FF741087300]
	(No symbol) [0x00007FF7410AF2BB]
	(No symbol) [0x00007FF741086EC3]
	(No symbol) [0x00007FF7410503F8]
	(No symbol) [0x00007FF741051163]
	GetHandleVerifier [0x00007FF7414FEF0D+2870973]
	GetHandleVerifier [0x00007FF7414F96B8+2848360]
	GetHandleVerifier [0x00007FF741516993+2967875]
	GetHandleVerifier [0x00007FF74127019A+188746]
	GetHandleVerifier [0x00007FF74127847F+222255]
	GetHandleVerifier [0x00007FF74125D2D4+111236]
	GetHandleVerifier [0x00007FF74125D482+111666]
	GetHandleVerifier [0x00007FF7412435A9+5465]
	BaseThreadInitThunk [0x00007FFF64B47374+20]
	RtlUserThreadStart [0x00007FFF6651CC91+33]

2025-04-18 23:21:55,024 - Failed entry: {'Name': 'User54', 'Email': 'user54@test.com', 'Address': 'Test Address 54', 'Phone number': 9876500054, 'Comments': 'Test comment 54'} | Error: Message: element not interactable
  (Session info: chrome=135.0.7049.96)
Stacktrace:
	GetHandleVerifier [0x00007FF741255355+78597]
	GetHandleVerifier [0x00007FF7412553B0+78688]
	(No symbol) [0x00007FF741008FDC]
	(No symbol) [0x00007FF741058934]
	(No symbol) [0x00007FF741056753]
	(No symbol) [0x00007FF7410870EA]
	(No symbol) [0x00007FF741051AB6]
	(No symbol) [0x00007FF741087300]
	(No symbol) [0x00007FF7410AF2BB]
	(No symbol) [0x00007FF741086EC3]
	(No symbol) [0x00007FF7410503F8]
	(No symbol) [0x00007FF741051163]
	GetHandleVerifier [0x00007FF7414FEF0D+2870973]
	GetHandleVerifier [0x00007FF7414F96B8+2848360]
	GetHandleVerifier [0x00007FF741516993+2967875]
	GetHandleVerifier [0x00007FF74127019A+188746]
	GetHandleVerifier [0x00007FF74127847F+222255]
	GetHandleVerifier [0x00007FF74125D2D4+111236]
	GetHandleVerifier [0x00007FF74125D482+111666]
	GetHandleVerifier [0x00007FF7412435A9+5465]
	BaseThreadInitThunk [0x00007FFF64B47374+20]
	RtlUserThreadStart [0x00007FFF6651CC91+33]

2025-04-18 23:21:56,303 - Failed entry: {'Name': 'User57', 'Email': 'user57@test.com', 'Address': 'Test Address 57', 'Phone number': 9876500057, 'Comments': 'Test comment 57'} | Error: Message: element not interactable
  (Session info: chrome=135.0.7049.96)
Stacktrace:
	GetHandleVerifier [0x00007FF741255355+78597]
	GetHandleVerifier [0x00007FF7412553B0+78688]
	(No symbol) [0x00007FF741008FDC]
	(No symbol) [0x00007FF741058934]
	(No symbol) [0x00007FF741056753]
	(No symbol) [0x00007FF7410870EA]
	(No symbol) [0x00007FF741051AB6]
	(No symbol) [0x00007FF741087300]
	(No symbol) [0x00007FF7410AF2BB]
	(No symbol) [0x00007FF741086EC3]
	(No symbol) [0x00007FF7410503F8]
	(No symbol) [0x00007FF741051163]
	GetHandleVerifier [0x00007FF7414FEF0D+2870973]
	GetHandleVerifier [0x00007FF7414F96B8+2848360]
	GetHandleVerifier [0x00007FF741516993+2967875]
	GetHandleVerifier [0x00007FF74127019A+188746]
	GetHandleVerifier [0x00007FF74127847F+222255]
	GetHandleVerifier [0x00007FF74125D2D4+111236]
	GetHandleVerifier [0x00007FF74125D482+111666]
	GetHandleVerifier [0x00007FF7412435A9+5465]
	BaseThreadInitThunk [0x00007FFF64B47374+20]
	RtlUserThreadStart [0x00007FFF6651CC91+33]

2025-04-18 23:21:56,817 - Failed entry: {'Name': 'User56', 'Email': 'user56@test.com', 'Address': 'Test Address 56', 'Phone number': 9876500056, 'Comments': 'Test comment 56'} | Error: Message: element not interactable
  (Session info: chrome=135.0.7049.96)
Stacktrace:
	GetHandleVerifier [0x00007FF741255355+78597]
	GetHandleVerifier [0x00007FF7412553B0+78688]
	(No symbol) [0x00007FF741008FDC]
	(No symbol) [0x00007FF741058934]
	(No symbol) [0x00007FF741056753]
	(No symbol) [0x00007FF7410870EA]
	(No symbol) [0x00007FF741051AB6]
	(No symbol) [0x00007FF741087300]
	(No symbol) [0x00007FF7410AF2BB]
	(No symbol) [0x00007FF741086EC3]
	(No symbol) [0x00007FF7410503F8]
	(No symbol) [0x00007FF741051163]
	GetHandleVerifier [0x00007FF7414FEF0D+2870973]
	GetHandleVerifier [0x00007FF7414F96B8+2848360]
	GetHandleVerifier [0x00007FF741516993+2967875]
	GetHandleVerifier [0x00007FF74127019A+188746]
	GetHandleVerifier [0x00007FF74127847F+222255]
	GetHandleVerifier [0x00007FF74125D2D4+111236]
	GetHandleVerifier [0x00007FF74125D482+111666]
	GetHandleVerifier [0x00007FF7412435A9+5465]
	BaseThreadInitThunk [0x00007FFF64B47374+20]
	RtlUserThreadStart [0x00007FFF6651CC91+33]

2025-04-18 23:22:00,113 - Failed entry: {'Name': 'User58', 'Email': 'user58@test.com', 'Address': 'Test Address 58', 'Phone number': 9876500058, 'Comments': 'Test comment 58'} | Error: Message: element not interactable
  (Session info: chrome=135.0.7049.96)
Stacktrace:
	GetHandleVerifier [0x00007FF741255355+78597]
	GetHandleVerifier [0x00007FF7412553B0+78688]
	(No symbol) [0x00007FF741008FDC]
	(No symbol) [0x00007FF741058934]
	(No symbol) [0x00007FF741056753]
	(No symbol) [0x00007FF7410870EA]
	(No symbol) [0x00007FF741051AB6]
	(No symbol) [0x00007FF741087300]
	(No symbol) [0x00007FF7410AF2BB]
	(No symbol) [0x00007FF741086EC3]
	(No symbol) [0x00007FF7410503F8]
	(No symbol) [0x00007FF741051163]
	GetHandleVerifier [0x00007FF7414FEF0D+2870973]
	GetHandleVerifier [0x00007FF7414F96B8+2848360]
	GetHandleVerifier [0x00007FF741516993+2967875]
	GetHandleVerifier [0x00007FF74127019A+188746]
	GetHandleVerifier [0x00007FF74127847F+222255]
	GetHandleVerifier [0x00007FF74125D2D4+111236]
	GetHandleVerifier [0x00007FF74125D482+111666]
	GetHandleVerifier [0x00007FF7412435A9+5465]
	BaseThreadInitThunk [0x00007FFF64B47374+20]
	RtlUserThreadStart [0x00007FFF6651CC91+33]

2025-04-18 23:22:01,041 - Failed entry: {'Name': 'User59', 'Email': 'user59@test.com', 'Address': 'Test Address 59', 'Phone number': 9876500059, 'Comments': 'Test comment 59'} | Error: Message: element not interactable
  (Session info: chrome=135.0.7049.96)
Stacktrace:
	GetHandleVerifier [0x00007FF741255355+78597]
	GetHandleVerifier [0x00007FF7412553B0+78688]
	(No symbol) [0x00007FF741008FDC]
	(No symbol) [0x00007FF741058934]
	(No symbol) [0x00007FF741056753]
	(No symbol) [0x00007FF7410870EA]
	(No symbol) [0x00007FF741051AB6]
	(No symbol) [0x00007FF741087300]
	(No symbol) [0x00007FF7410AF2BB]
	(No symbol) [0x00007FF741086EC3]
	(No symbol) [0x00007FF7410503F8]
	(No symbol) [0x00007FF741051163]
	GetHandleVerifier [0x00007FF7414FEF0D+2870973]
	GetHandleVerifier [0x00007FF7414F96B8+2848360]
	GetHandleVerifier [0x00007FF741516993+2967875]
	GetHandleVerifier [0x00007FF74127019A+188746]
	GetHandleVerifier [0x00007FF74127847F+222255]
	GetHandleVerifier [0x00007FF74125D2D4+111236]
	GetHandleVerifier [0x00007FF74125D482+111666]
	GetHandleVerifier [0x00007FF7412435A9+5465]
	BaseThreadInitThunk [0x00007FFF64B47374+20]
	RtlUserThreadStart [0x00007FFF6651CC91+33]

2025-04-18 23:22:35,534 - Failed entry: {'Name': 'User60', 'Email': 'user60@test.com', 'Address': 'Test Address 60', 'Phone number': 9876500060, 'Comments': 'Test comment 60'} | Error: Message: element not interactable
  (Session info: chrome=135.0.7049.96)
Stacktrace:
	GetHandleVerifier [0x00007FF741255355+78597]
	GetHandleVerifier [0x00007FF7412553B0+78688]
	(No symbol) [0x00007FF741008FDC]
	(No symbol) [0x00007FF741058934]
	(No symbol) [0x00007FF741056753]
	(No symbol) [0x00007FF7410870EA]
	(No symbol) [0x00007FF741051AB6]
	(No symbol) [0x00007FF741087300]
	(No symbol) [0x00007FF7410AF2BB]
	(No symbol) [0x00007FF741086EC3]
	(No symbol) [0x00007FF7410503F8]
	(No symbol) [0x00007FF741051163]
	GetHandleVerifier [0x00007FF7414FEF0D+2870973]
	GetHandleVerifier [0x00007FF7414F96B8+2848360]
	GetHandleVerifier [0x00007FF741516993+2967875]
	GetHandleVerifier [0x00007FF74127019A+188746]
	GetHandleVerifier [0x00007FF74127847F+222255]
	GetHandleVerifier [0x00007FF74125D2D4+111236]
	GetHandleVerifier [0x00007FF74125D482+111666]
	GetHandleVerifier [0x00007FF7412435A9+5465]
	BaseThreadInitThunk [0x00007FFF64B47374+20]
	RtlUserThreadStart [0x00007FFF6651CC91+33]

2025-04-18 23:23:10,962 - Failed entry: {'Name': 'User63', 'Email': 'user63@test.com', 'Address': 'Test Address 63', 'Phone number': 9876500063, 'Comments': 'Test comment 63'} | Error: Message: invalid session id: session deleted as the browser has closed the connection
from disconnected: not connected to DevTools
  (Session info: chrome=135.0.7049.96)
Stacktrace:
	GetHandleVerifier [0x00007FF741255355+78597]
	GetHandleVerifier [0x00007FF7412553B0+78688]
	(No symbol) [0x00007FF7410091AA]
	(No symbol) [0x00007FF740FF4EF5]
	(No symbol) [0x00007FF741019F04]
	(No symbol) [0x00007FF74108ED0F]
	(No symbol) [0x00007FF7410AEBB2]
	(No symbol) [0x00007FF741086EC3]
	(No symbol) [0x00007FF7410503F8]
	(No symbol) [0x00007FF741051163]
	GetHandleVerifier [0x00007FF7414FEF0D+2870973]
	GetHandleVerifier [0x00007FF7414F96B8+2848360]
	GetHandleVerifier [0x00007FF741516993+2967875]
	GetHandleVerifier [0x00007FF74127019A+188746]
	GetHandleVerifier [0x00007FF74127847F+222255]
	GetHandleVerifier [0x00007FF74125D2D4+111236]
	GetHandleVerifier [0x00007FF74125D482+111666]
	GetHandleVerifier [0x00007FF7412435A9+5465]
	BaseThreadInitThunk [0x00007FFF64B47374+20]
	RtlUserThreadStart [0x00007FFF6651CC91+33]

2025-04-18 23:25:14,001 - Failed entry: {'Name': 'User61', 'Email': 'user61@test.com', 'Address': 'Test Address 61', 'Phone number': 9876500061, 'Comments': 'Test comment 61'} | Error: Message: invalid session id: session deleted as the browser has closed the connection
from disconnected: not connected to DevTools
  (Session info: chrome=135.0.7049.96)
Stacktrace:
	GetHandleVerifier [0x00007FF741255355+78597]
	GetHandleVerifier [0x00007FF7412553B0+78688]
	(No symbol) [0x00007FF7410091AA]
	(No symbol) [0x00007FF740FF4EF5]
	(No symbol) [0x00007FF741019F04]
	(No symbol) [0x00007FF74108ED0F]
	(No symbol) [0x00007FF7410AEBB2]
	(No symbol) [0x00007FF741086EC3]
	(No symbol) [0x00007FF7410503F8]
	(No symbol) [0x00007FF741051163]
	GetHandleVerifier [0x00007FF7414FEF0D+2870973]
	GetHandleVerifier [0x00007FF7414F96B8+2848360]
	GetHandleVerifier [0x00007FF741516993+2967875]
	GetHandleVerifier [0x00007FF74127019A+188746]
	GetHandleVerifier [0x00007FF74127847F+222255]
	GetHandleVerifier [0x00007FF74125D2D4+111236]
	GetHandleVerifier [0x00007FF74125D482+111666]
	GetHandleVerifier [0x00007FF7412435A9+5465]
	BaseThreadInitThunk [0x00007FFF64B47374+20]
	RtlUserThreadStart [0x00007FFF6651CC91+33]

2025-04-18 23:25:15,197 - Failed entry: {'Name': 'User62', 'Email': 'user62@test.com', 'Address': 'Test Address 62', 'Phone number': 9876500062, 'Comments': 'Test comment 62'} | Error: Message: invalid session id: session deleted as the browser has closed the connection
from disconnected: not connected to DevTools
  (Session info: chrome=135.0.7049.96)
Stacktrace:
	GetHandleVerifier [0x00007FF741255355+78597]
	GetHandleVerifier [0x00007FF7412553B0+78688]
	(No symbol) [0x00007FF7410091AA]
	(No symbol) [0x00007FF740FF4EF5]
	(No symbol) [0x00007FF741019F04]
	(No symbol) [0x00007FF74108ED0F]
	(No symbol) [0x00007FF7410AEBB2]
	(No symbol) [0x00007FF741086EC3]
	(No symbol) [0x00007FF7410503F8]
	(No symbol) [0x00007FF741051163]
	GetHandleVerifier [0x00007FF7414FEF0D+2870973]
	GetHandleVerifier [0x00007FF7414F96B8+2848360]
	GetHandleVerifier [0x00007FF741516993+2967875]
	GetHandleVerifier [0x00007FF74127019A+188746]
	GetHandleVerifier [0x00007FF74127847F+222255]
	GetHandleVerifier [0x00007FF74125D2D4+111236]
	GetHandleVerifier [0x00007FF74125D482+111666]
	GetHandleVerifier [0x00007FF7412435A9+5465]
	BaseThreadInitThunk [0x00007FFF64B47374+20]
	RtlUserThreadStart [0x00007FFF6651CC91+33]

2025-04-18 23:25:18,545 - Failed entry: {'Name': 'User64', 'Email': 'user64@test.com', 'Address': 'Test Address 64', 'Phone number': 9876500064, 'Comments': 'Test comment 64'} | Error: Message: invalid session id: session deleted as the browser has closed the connection
from disconnected: not connected to DevTools
  (Session info: chrome=135.0.7049.96)
Stacktrace:
	GetHandleVerifier [0x00007FF741255355+78597]
	GetHandleVerifier [0x00007FF7412553B0+78688]
	(No symbol) [0x00007FF7410091AA]
	(No symbol) [0x00007FF740FF4EF5]
	(No symbol) [0x00007FF741019F04]
	(No symbol) [0x00007FF74108ED0F]
	(No symbol) [0x00007FF7410AEBB2]
	(No symbol) [0x00007FF741086EC3]
	(No symbol) [0x00007FF7410503F8]
	(No symbol) [0x00007FF741051163]
	GetHandleVerifier [0x00007FF7414FEF0D+2870973]
	GetHandleVerifier [0x00007FF7414F96B8+2848360]
	GetHandleVerifier [0x00007FF741516993+2967875]
	GetHandleVerifier [0x00007FF74127019A+188746]
	GetHandleVerifier [0x00007FF74127847F+222255]
	GetHandleVerifier [0x00007FF74125D2D4+111236]
	GetHandleVerifier [0x00007FF74125D482+111666]
	GetHandleVerifier [0x00007FF7412435A9+5465]
	BaseThreadInitThunk [0x00007FFF64B47374+20]
	RtlUserThreadStart [0x00007FFF6651CC91+33]

2025-04-18 23:25:18,545 - Failed entry: {'Name': 'User72', 'Email': 'user72@test.com', 'Address': 'Test Address 72', 'Phone number': 9876500072, 'Comments': 'Test comment 72'} | Error: Message: target frame detached
  (failed to check if window was closed: disconnected: Unable to receive message from renderer)
  (Session info: chrome=135.0.7049.96)
Stacktrace:
	GetHandleVerifier [0x00007FF741255355+78597]
	GetHandleVerifier [0x00007FF7412553B0+78688]
	(No symbol) [0x00007FF741008FDC]
	(No symbol) [0x00007FF740FF623B]
	(No symbol) [0x00007FF740FF50FE]
	(No symbol) [0x00007FF741019F04]
	(No symbol) [0x00007FF741019245]
	(No symbol) [0x00007FF7410AF650]
	(No symbol) [0x00007FF741086EC3]
	(No symbol) [0x00007FF7410503F8]
	(No symbol) [0x00007FF741051163]
	GetHandleVerifier [0x00007FF7414FEF0D+2870973]
	GetHandleVerifier [0x00007FF7414F96B8+2848360]
	GetHandleVerifier [0x00007FF741516993+2967875]
	GetHandleVerifier [0x00007FF74127019A+188746]
	GetHandleVerifier [0x00007FF74127847F+222255]
	GetHandleVerifier [0x00007FF74125D2D4+111236]
	GetHandleVerifier [0x00007FF74125D482+111666]
	GetHandleVerifier [0x00007FF7412435A9+5465]
	BaseThreadInitThunk [0x00007FFF64B47374+20]
	RtlUserThreadStart [0x00007FFF6651CC91+33]

2025-04-18 23:25:20,336 - Failed entry: {'Name': 'User65', 'Email': 'user65@test.com', 'Address': 'Test Address 65', 'Phone number': 9876500065, 'Comments': 'Test comment 65'} | Error: Message: invalid session id: session deleted as the browser has closed the connection
from disconnected: not connected to DevTools
  (Session info: chrome=135.0.7049.96)
Stacktrace:
	GetHandleVerifier [0x00007FF741255355+78597]
	GetHandleVerifier [0x00007FF7412553B0+78688]
	(No symbol) [0x00007FF7410091AA]
	(No symbol) [0x00007FF740FF4EF5]
	(No symbol) [0x00007FF741019F04]
	(No symbol) [0x00007FF74108ED0F]
	(No symbol) [0x00007FF7410AEBB2]
	(No symbol) [0x00007FF741086EC3]
	(No symbol) [0x00007FF7410503F8]
	(No symbol) [0x00007FF741051163]
	GetHandleVerifier [0x00007FF7414FEF0D+2870973]
	GetHandleVerifier [0x00007FF7414F96B8+2848360]
	GetHandleVerifier [0x00007FF741516993+2967875]
	GetHandleVerifier [0x00007FF74127019A+188746]
	GetHandleVerifier [0x00007FF74127847F+222255]
	GetHandleVerifier [0x00007FF74125D2D4+111236]
	GetHandleVerifier [0x00007FF74125D482+111666]
	GetHandleVerifier [0x00007FF7412435A9+5465]
	BaseThreadInitThunk [0x00007FFF64B47374+20]
	RtlUserThreadStart [0x00007FFF6651CC91+33]

2025-04-18 23:25:20,780 - Failed entry: {'Name': 'User66', 'Email': 'user66@test.com', 'Address': 'Test Address 66', 'Phone number': 9876500066, 'Comments': 'Test comment 66'} | Error: Message: invalid session id: session deleted as the browser has closed the connection
from disconnected: not connected to DevTools
  (Session info: chrome=135.0.7049.96)
Stacktrace:
	GetHandleVerifier [0x00007FF741255355+78597]
	GetHandleVerifier [0x00007FF7412553B0+78688]
	(No symbol) [0x00007FF7410091AA]
	(No symbol) [0x00007FF740FF4EF5]
	(No symbol) [0x00007FF741019F04]
	(No symbol) [0x00007FF74108ED0F]
	(No symbol) [0x00007FF7410AEBB2]
	(No symbol) [0x00007FF741086EC3]
	(No symbol) [0x00007FF7410503F8]
	(No symbol) [0x00007FF741051163]
	GetHandleVerifier [0x00007FF7414FEF0D+2870973]
	GetHandleVerifier [0x00007FF7414F96B8+2848360]
	GetHandleVerifier [0x00007FF741516993+2967875]
	GetHandleVerifier [0x00007FF74127019A+188746]
	GetHandleVerifier [0x00007FF74127847F+222255]
	GetHandleVerifier [0x00007FF74125D2D4+111236]
	GetHandleVerifier [0x00007FF74125D482+111666]
	GetHandleVerifier [0x00007FF7412435A9+5465]
	BaseThreadInitThunk [0x00007FFF64B47374+20]
	RtlUserThreadStart [0x00007FFF6651CC91+33]

2025-04-18 23:25:22,693 - Failed entry: {'Name': 'User67', 'Email': 'user67@test.com', 'Address': 'Test Address 67', 'Phone number': 9876500067, 'Comments': 'Test comment 67'} | Error: Message: invalid session id: session deleted as the browser has closed the connection
from disconnected: not connected to DevTools
  (Session info: chrome=135.0.7049.96)
Stacktrace:
	GetHandleVerifier [0x00007FF741255355+78597]
	GetHandleVerifier [0x00007FF7412553B0+78688]
	(No symbol) [0x00007FF7410091AA]
	(No symbol) [0x00007FF740FF4EF5]
	(No symbol) [0x00007FF741019F04]
	(No symbol) [0x00007FF74108ED0F]
	(No symbol) [0x00007FF7410AEBB2]
	(No symbol) [0x00007FF741086EC3]
	(No symbol) [0x00007FF7410503F8]
	(No symbol) [0x00007FF741051163]
	GetHandleVerifier [0x00007FF7414FEF0D+2870973]
	GetHandleVerifier [0x00007FF7414F96B8+2848360]
	GetHandleVerifier [0x00007FF741516993+2967875]
	GetHandleVerifier [0x00007FF74127019A+188746]
	GetHandleVerifier [0x00007FF74127847F+222255]
	GetHandleVerifier [0x00007FF74125D2D4+111236]
	GetHandleVerifier [0x00007FF74125D482+111666]
	GetHandleVerifier [0x00007FF7412435A9+5465]
	BaseThreadInitThunk [0x00007FFF64B47374+20]
	RtlUserThreadStart [0x00007FFF6651CC91+33]

2025-04-18 23:25:25,510 - Failed entry: {'Name': 'User68', 'Email': 'user68@test.com', 'Address': 'Test Address 68', 'Phone number': 9876500068, 'Comments': 'Test comment 68'} | Error: Message: invalid session id: session deleted as the browser has closed the connection
from disconnected: not connected to DevTools
  (Session info: chrome=135.0.7049.96)
Stacktrace:
	GetHandleVerifier [0x00007FF741255355+78597]
	GetHandleVerifier [0x00007FF7412553B0+78688]
	(No symbol) [0x00007FF7410091AA]
	(No symbol) [0x00007FF740FF4EF5]
	(No symbol) [0x00007FF741019F04]
	(No symbol) [0x00007FF74108ED0F]
	(No symbol) [0x00007FF7410AEBB2]
	(No symbol) [0x00007FF741086EC3]
	(No symbol) [0x00007FF7410503F8]
	(No symbol) [0x00007FF741051163]
	GetHandleVerifier [0x00007FF7414FEF0D+2870973]
	GetHandleVerifier [0x00007FF7414F96B8+2848360]
	GetHandleVerifier [0x00007FF741516993+2967875]
	GetHandleVerifier [0x00007FF74127019A+188746]
	GetHandleVerifier [0x00007FF74127847F+222255]
	GetHandleVerifier [0x00007FF74125D2D4+111236]
	GetHandleVerifier [0x00007FF74125D482+111666]
	GetHandleVerifier [0x00007FF7412435A9+5465]
	BaseThreadInitThunk [0x00007FFF64B47374+20]
	RtlUserThreadStart [0x00007FFF6651CC91+33]

2025-04-18 23:25:27,260 - Failed entry: {'Name': 'User69', 'Email': 'user69@test.com', 'Address': 'Test Address 69', 'Phone number': 9876500069, 'Comments': 'Test comment 69'} | Error: Message: invalid session id: session deleted as the browser has closed the connection
from disconnected: not connected to DevTools
  (Session info: chrome=135.0.7049.96)
Stacktrace:
	GetHandleVerifier [0x00007FF741255355+78597]
	GetHandleVerifier [0x00007FF7412553B0+78688]
	(No symbol) [0x00007FF7410091AA]
	(No symbol) [0x00007FF740FF4EF5]
	(No symbol) [0x00007FF741019F04]
	(No symbol) [0x00007FF74108ED0F]
	(No symbol) [0x00007FF7410AEBB2]
	(No symbol) [0x00007FF741086EC3]
	(No symbol) [0x00007FF7410503F8]
	(No symbol) [0x00007FF741051163]
	GetHandleVerifier [0x00007FF7414FEF0D+2870973]
	GetHandleVerifier [0x00007FF7414F96B8+2848360]
	GetHandleVerifier [0x00007FF741516993+2967875]
	GetHandleVerifier [0x00007FF74127019A+188746]
	GetHandleVerifier [0x00007FF74127847F+222255]
	GetHandleVerifier [0x00007FF74125D2D4+111236]
	GetHandleVerifier [0x00007FF74125D482+111666]
	GetHandleVerifier [0x00007FF7412435A9+5465]
	BaseThreadInitThunk [0x00007FFF64B47374+20]
	RtlUserThreadStart [0x00007FFF6651CC91+33]

2025-04-18 23:58:02,499 - Failed entry: {'Name': 'User2', 'Email': 'user2@test.com', 'Address': 'Test Address 2', 'Phone number': 9876500002, 'Comments': 'Test comment 2'} | Error: Message: element not interactable
  (Session info: chrome=135.0.7049.96)
Stacktrace:
	GetHandleVerifier [0x00007FF741255355+78597]
	GetHandleVerifier [0x00007FF7412553B0+78688]
	(No symbol) [0x00007FF741008FDC]
	(No symbol) [0x00007FF741058934]
	(No symbol) [0x00007FF741056753]
	(No symbol) [0x00007FF7410870EA]
	(No symbol) [0x00007FF741051AB6]
	(No symbol) [0x00007FF741087300]
	(No symbol) [0x00007FF7410AF2BB]
	(No symbol) [0x00007FF741086EC3]
	(No symbol) [0x00007FF7410503F8]
	(No symbol) [0x00007FF741051163]
	GetHandleVerifier [0x00007FF7414FEF0D+2870973]
	GetHandleVerifier [0x00007FF7414F96B8+2848360]
	GetHandleVerifier [0x00007FF741516993+2967875]
	GetHandleVerifier [0x00007FF74127019A+188746]
	GetHandleVerifier [0x00007FF74127847F+222255]
	GetHandleVerifier [0x00007FF74125D2D4+111236]
	GetHandleVerifier [0x00007FF74125D482+111666]
	GetHandleVerifier [0x00007FF7412435A9+5465]
	BaseThreadInitThunk [0x00007FFF64B47374+20]
	RtlUserThreadStart [0x00007FFF6651CC91+33]

2025-04-18 23:58:02,653 - Failed entry: {'Name': 'User1', 'Email': 'user1@test.com', 'Address': 'Test Address 1', 'Phone number': 9876500001, 'Comments': 'Test comment 1'} | Error: Message: element not interactable
  (Session info: chrome=135.0.7049.96)
Stacktrace:
	GetHandleVerifier [0x00007FF741255355+78597]
	GetHandleVerifier [0x00007FF7412553B0+78688]
	(No symbol) [0x00007FF741008FDC]
	(No symbol) [0x00007FF741058934]
	(No symbol) [0x00007FF741056753]
	(No symbol) [0x00007FF7410870EA]
	(No symbol) [0x00007FF741051AB6]
	(No symbol) [0x00007FF741087300]
	(No symbol) [0x00007FF7410AF2BB]
	(No symbol) [0x00007FF741086EC3]
	(No symbol) [0x00007FF7410503F8]
	(No symbol) [0x00007FF741051163]
	GetHandleVerifier [0x00007FF7414FEF0D+2870973]
	GetHandleVerifier [0x00007FF7414F96B8+2848360]
	GetHandleVerifier [0x00007FF741516993+2967875]
	GetHandleVerifier [0x00007FF74127019A+188746]
	GetHandleVerifier [0x00007FF74127847F+222255]
	GetHandleVerifier [0x00007FF74125D2D4+111236]
	GetHandleVerifier [0x00007FF74125D482+111666]
	GetHandleVerifier [0x00007FF7412435A9+5465]
	BaseThreadInitThunk [0x00007FFF64B47374+20]
	RtlUserThreadStart [0x00007FFF6651CC91+33]

2025-04-19 00:02:31,935 - Failed entry: {'Name': 'User1', 'Email': 'user1@test.com', 'Address': 'Test Address 1', 'Phone number': 9876500001, 'Comments': 'Test comment 1'} | Error: Message: element not interactable
  (Session info: chrome=135.0.7049.96)
Stacktrace:
	GetHandleVerifier [0x00007FF741255355+78597]
	GetHandleVerifier [0x00007FF7412553B0+78688]
	(No symbol) [0x00007FF741008FDC]
	(No symbol) [0x00007FF741058934]
	(No symbol) [0x00007FF741056753]
	(No symbol) [0x00007FF7410870EA]
	(No symbol) [0x00007FF741051AB6]
	(No symbol) [0x00007FF741087300]
	(No symbol) [0x00007FF7410AF2BB]
	(No symbol) [0x00007FF741086EC3]
	(No symbol) [0x00007FF7410503F8]
	(No symbol) [0x00007FF741051163]
	GetHandleVerifier [0x00007FF7414FEF0D+2870973]
	GetHandleVerifier [0x00007FF7414F96B8+2848360]
	GetHandleVerifier [0x00007FF741516993+2967875]
	GetHandleVerifier [0x00007FF74127019A+188746]
	GetHandleVerifier [0x00007FF74127847F+222255]
	GetHandleVerifier [0x00007FF74125D2D4+111236]
	GetHandleVerifier [0x00007FF74125D482+111666]
	GetHandleVerifier [0x00007FF7412435A9+5465]
	BaseThreadInitThunk [0x00007FFF64B47374+20]
	RtlUserThreadStart [0x00007FFF6651CC91+33]

2025-04-19 00:02:32,777 - Failed entry: {'Name': 'User2', 'Email': 'user2@test.com', 'Address': 'Test Address 2', 'Phone number': 9876500002, 'Comments': 'Test comment 2'} | Error: Message: element not interactable
  (Session info: chrome=135.0.7049.96)
Stacktrace:
	GetHandleVerifier [0x00007FF741255355+78597]
	GetHandleVerifier [0x00007FF7412553B0+78688]
	(No symbol) [0x00007FF741008FDC]
	(No symbol) [0x00007FF741058934]
	(No symbol) [0x00007FF741056753]
	(No symbol) [0x00007FF7410870EA]
	(No symbol) [0x00007FF741051AB6]
	(No symbol) [0x00007FF741087300]
	(No symbol) [0x00007FF7410AF2BB]
	(No symbol) [0x00007FF741086EC3]
	(No symbol) [0x00007FF7410503F8]
	(No symbol) [0x00007FF741051163]
	GetHandleVerifier [0x00007FF7414FEF0D+2870973]
	GetHandleVerifier [0x00007FF7414F96B8+2848360]
	GetHandleVerifier [0x00007FF741516993+2967875]
	GetHandleVerifier [0x00007FF74127019A+188746]
	GetHandleVerifier [0x00007FF74127847F+222255]
	GetHandleVerifier [0x00007FF74125D2D4+111236]
	GetHandleVerifier [0x00007FF74125D482+111666]
	GetHandleVerifier [0x00007FF7412435A9+5465]
	BaseThreadInitThunk [0x00007FFF64B47374+20]
	RtlUserThreadStart [0x00007FFF6651CC91+33]

